2016-06-30 18:00:56 [org.springframework.test.context.support.AbstractContextLoader:242] - Could not detect default resource locations for test class [colin.web.monitoring.test.TCommonConfig]: no resource found for suffixes {-context.xml, Context.groovy}.
2016-06-30 18:00:56 [org.springframework.test.context.support.AbstractTestContextBootstrapper:258] - Loaded default TestExecutionListener class names from location [META-INF/spring.factories]: [org.springframework.test.context.web.ServletTestExecutionListener, org.springframework.test.context.support.DirtiesContextBeforeModesTestExecutionListener, org.springframework.test.context.support.DependencyInjectionTestExecutionListener, org.springframework.test.context.support.DirtiesContextTestExecutionListener, org.springframework.test.context.transaction.TransactionalTestExecutionListener, org.springframework.test.context.jdbc.SqlScriptsTestExecutionListener]
2016-06-30 18:00:56 [org.springframework.test.context.support.AbstractTestContextBootstrapper:185] - Using TestExecutionListeners: [org.springframework.test.context.web.ServletTestExecutionListener@60438a68, org.springframework.test.context.support.DirtiesContextBeforeModesTestExecutionListener@140e5a13, org.springframework.test.context.support.DependencyInjectionTestExecutionListener@3439f68d, org.springframework.test.context.support.DirtiesContextTestExecutionListener@dbd940d, org.springframework.test.context.transaction.TransactionalTestExecutionListener@71d15f18, org.springframework.test.context.jdbc.SqlScriptsTestExecutionListener@17695df3]
2016-06-30 18:00:56 [org.springframework.boot.StartupInfoLogger:48] - Starting TCommonMongoDao on PC201604021529 with PID 147448 (D:\workspace\TestPlatform\target\test-classes started by Administrator in D:\workspace\TestPlatform)
2016-06-30 18:00:56 [org.springframework.boot.SpringApplication:666] - No active profile set, falling back to default profiles: default
2016-06-30 18:00:57 [org.springframework.context.support.AbstractApplicationContext:578] - Refreshing org.springframework.web.context.support.GenericWebApplicationContext@7dcf94f8: startup date [Thu Jun 30 18:00:57 CST 2016]; root of context hierarchy
2016-06-30 18:00:57 [org.hibernate.validator.internal.util.Version:30] - HV000001: Hibernate Validator 5.2.4.Final
2016-06-30 18:01:00 [org.mongodb.morphia.logging.jdk.JDKLogger:165] - LoggerImplFactory set to org.mongodb.morphia.logging.jdk.JDKLoggerFactory
2016-06-30 18:01:00 [org.springframework.context.support.AbstractApplicationContext:546] - Exception encountered during context initialization - cancelling refresh attempt: org.springframework.beans.factory.BeanCreationException: Error creating bean with name 'commonMongoDao': Injection of autowired dependencies failed; nested exception is org.springframework.beans.factory.BeanCreationException: Could not autowire field: private org.mongodb.morphia.Datastore colin.web.monitoring.core.dao.CommonMongoDao.dataStore; nested exception is org.springframework.beans.factory.BeanCreationException: Error creating bean with name 'configMongoAggregate' defined in class path resource [colin/web/monitoring/config/MongoDBAggregateConfig.class]: Bean instantiation via factory method failed; nested exception is org.springframework.beans.BeanInstantiationException: Failed to instantiate [org.mongodb.morphia.DatastoreImpl]: Factory method 'configMongoAggregate' threw exception; nested exception is com.mongodb.MongoException: host and port should be specified in host:port format
2016-06-30 18:01:00 [org.springframework.boot.SpringApplication:827] - Application startup failed
org.springframework.beans.factory.BeanCreationException: Error creating bean with name 'commonMongoDao': Injection of autowired dependencies failed; nested exception is org.springframework.beans.factory.BeanCreationException: Could not autowire field: private org.mongodb.morphia.Datastore colin.web.monitoring.core.dao.CommonMongoDao.dataStore; nested exception is org.springframework.beans.factory.BeanCreationException: Error creating bean with name 'configMongoAggregate' defined in class path resource [colin/web/monitoring/config/MongoDBAggregateConfig.class]: Bean instantiation via factory method failed; nested exception is org.springframework.beans.BeanInstantiationException: Failed to instantiate [org.mongodb.morphia.DatastoreImpl]: Factory method 'configMongoAggregate' threw exception; nested exception is com.mongodb.MongoException: host and port should be specified in host:port format
	at org.springframework.beans.factory.annotation.AutowiredAnnotationBeanPostProcessor.postProcessPropertyValues(AutowiredAnnotationBeanPostProcessor.java:334)
	at org.springframework.beans.factory.support.AbstractAutowireCapableBeanFactory.populateBean(AbstractAutowireCapableBeanFactory.java:1214)
	at org.springframework.beans.factory.support.AbstractAutowireCapableBeanFactory.doCreateBean(AbstractAutowireCapableBeanFactory.java:543)
	at org.springframework.beans.factory.support.AbstractAutowireCapableBeanFactory.createBean(AbstractAutowireCapableBeanFactory.java:482)
	at org.springframework.beans.factory.support.AbstractBeanFactory$1.getObject(AbstractBeanFactory.java:306)
	at org.springframework.beans.factory.support.DefaultSingletonBeanRegistry.getSingleton(DefaultSingletonBeanRegistry.java:230)
	at org.springframework.beans.factory.support.AbstractBeanFactory.doGetBean(AbstractBeanFactory.java:302)
	at org.springframework.beans.factory.support.AbstractBeanFactory.getBean(AbstractBeanFactory.java:197)
	at org.springframework.beans.factory.support.DefaultListableBeanFactory.preInstantiateSingletons(DefaultListableBeanFactory.java:772)
	at org.springframework.context.support.AbstractApplicationContext.finishBeanFactoryInitialization(AbstractApplicationContext.java:839)
	at org.springframework.context.support.AbstractApplicationContext.refresh(AbstractApplicationContext.java:538)
	at org.springframework.boot.SpringApplication.refresh(SpringApplication.java:766)
	at org.springframework.boot.SpringApplication.createAndRefreshContext(SpringApplication.java:361)
	at org.springframework.boot.SpringApplication.run(SpringApplication.java:307)
	at org.springframework.boot.test.SpringApplicationContextLoader.loadContext(SpringApplicationContextLoader.java:98)
	at org.springframework.test.context.cache.DefaultCacheAwareContextLoaderDelegate.loadContextInternal(DefaultCacheAwareContextLoaderDelegate.java:98)
	at org.springframework.test.context.cache.DefaultCacheAwareContextLoaderDelegate.loadContext(DefaultCacheAwareContextLoaderDelegate.java:116)
	at org.springframework.test.context.support.DefaultTestContext.getApplicationContext(DefaultTestContext.java:83)
	at org.springframework.test.context.web.ServletTestExecutionListener.setUpRequestContextIfNecessary(ServletTestExecutionListener.java:183)
	at org.springframework.test.context.web.ServletTestExecutionListener.prepareTestInstance(ServletTestExecutionListener.java:123)
	at org.springframework.test.context.TestContextManager.prepareTestInstance(TestContextManager.java:228)
	at org.springframework.test.context.junit4.SpringJUnit4ClassRunner.createTest(SpringJUnit4ClassRunner.java:230)
	at org.springframework.test.context.junit4.SpringJUnit4ClassRunner$1.runReflectiveCall(SpringJUnit4ClassRunner.java:289)
	at org.junit.internal.runners.model.ReflectiveCallable.run(ReflectiveCallable.java:12)
	at org.springframework.test.context.junit4.SpringJUnit4ClassRunner.methodBlock(SpringJUnit4ClassRunner.java:291)
	at org.springframework.test.context.junit4.SpringJUnit4ClassRunner.runChild(SpringJUnit4ClassRunner.java:249)
	at org.springframework.test.context.junit4.SpringJUnit4ClassRunner.runChild(SpringJUnit4ClassRunner.java:89)
	at org.junit.runners.ParentRunner$3.run(ParentRunner.java:290)
	at org.junit.runners.ParentRunner$1.schedule(ParentRunner.java:71)
	at org.junit.runners.ParentRunner.runChildren(ParentRunner.java:288)
	at org.junit.runners.ParentRunner.access$000(ParentRunner.java:58)
	at org.junit.runners.ParentRunner$2.evaluate(ParentRunner.java:268)
	at org.springframework.test.context.junit4.statements.RunBeforeTestClassCallbacks.evaluate(RunBeforeTestClassCallbacks.java:61)
	at org.springframework.test.context.junit4.statements.RunAfterTestClassCallbacks.evaluate(RunAfterTestClassCallbacks.java:70)
	at org.junit.runners.ParentRunner.run(ParentRunner.java:363)
	at org.springframework.test.context.junit4.SpringJUnit4ClassRunner.run(SpringJUnit4ClassRunner.java:193)
	at org.eclipse.jdt.internal.junit4.runner.JUnit4TestReference.run(JUnit4TestReference.java:50)
	at org.eclipse.jdt.internal.junit.runner.TestExecution.run(TestExecution.java:38)
	at org.eclipse.jdt.internal.junit.runner.RemoteTestRunner.runTests(RemoteTestRunner.java:459)
	at org.eclipse.jdt.internal.junit.runner.RemoteTestRunner.runTests(RemoteTestRunner.java:675)
	at org.eclipse.jdt.internal.junit.runner.RemoteTestRunner.run(RemoteTestRunner.java:382)
	at org.eclipse.jdt.internal.junit.runner.RemoteTestRunner.main(RemoteTestRunner.java:192)
Caused by: org.springframework.beans.factory.BeanCreationException: Could not autowire field: private org.mongodb.morphia.Datastore colin.web.monitoring.core.dao.CommonMongoDao.dataStore; nested exception is org.springframework.beans.factory.BeanCreationException: Error creating bean with name 'configMongoAggregate' defined in class path resource [colin/web/monitoring/config/MongoDBAggregateConfig.class]: Bean instantiation via factory method failed; nested exception is org.springframework.beans.BeanInstantiationException: Failed to instantiate [org.mongodb.morphia.DatastoreImpl]: Factory method 'configMongoAggregate' threw exception; nested exception is com.mongodb.MongoException: host and port should be specified in host:port format
	at org.springframework.beans.factory.annotation.AutowiredAnnotationBeanPostProcessor$AutowiredFieldElement.inject(AutowiredAnnotationBeanPostProcessor.java:573)
	at org.springframework.beans.factory.annotation.InjectionMetadata.inject(InjectionMetadata.java:88)
	at org.springframework.beans.factory.annotation.AutowiredAnnotationBeanPostProcessor.postProcessPropertyValues(AutowiredAnnotationBeanPostProcessor.java:331)
	... 41 common frames omitted
Caused by: org.springframework.beans.factory.BeanCreationException: Error creating bean with name 'configMongoAggregate' defined in class path resource [colin/web/monitoring/config/MongoDBAggregateConfig.class]: Bean instantiation via factory method failed; nested exception is org.springframework.beans.BeanInstantiationException: Failed to instantiate [org.mongodb.morphia.DatastoreImpl]: Factory method 'configMongoAggregate' threw exception; nested exception is com.mongodb.MongoException: host and port should be specified in host:port format
	at org.springframework.beans.factory.support.ConstructorResolver.instantiateUsingFactoryMethod(ConstructorResolver.java:599)
	at org.springframework.beans.factory.support.AbstractAutowireCapableBeanFactory.instantiateUsingFactoryMethod(AbstractAutowireCapableBeanFactory.java:1123)
	at org.springframework.beans.factory.support.AbstractAutowireCapableBeanFactory.createBeanInstance(AbstractAutowireCapableBeanFactory.java:1018)
	at org.springframework.beans.factory.support.AbstractAutowireCapableBeanFactory.doCreateBean(AbstractAutowireCapableBeanFactory.java:510)
	at org.springframework.beans.factory.support.AbstractAutowireCapableBeanFactory.createBean(AbstractAutowireCapableBeanFactory.java:482)
	at org.springframework.beans.factory.support.AbstractBeanFactory$1.getObject(AbstractBeanFactory.java:306)
	at org.springframework.beans.factory.support.DefaultSingletonBeanRegistry.getSingleton(DefaultSingletonBeanRegistry.java:230)
	at org.springframework.beans.factory.support.AbstractBeanFactory.doGetBean(AbstractBeanFactory.java:302)
	at org.springframework.beans.factory.support.AbstractBeanFactory.getBean(AbstractBeanFactory.java:197)
	at org.springframework.beans.factory.support.DefaultListableBeanFactory.findAutowireCandidates(DefaultListableBeanFactory.java:1192)
	at org.springframework.beans.factory.support.DefaultListableBeanFactory.doResolveDependency(DefaultListableBeanFactory.java:1116)
	at org.springframework.beans.factory.support.DefaultListableBeanFactory.resolveDependency(DefaultListableBeanFactory.java:1014)
	at org.springframework.beans.factory.annotation.AutowiredAnnotationBeanPostProcessor$AutowiredFieldElement.inject(AutowiredAnnotationBeanPostProcessor.java:545)
	... 43 common frames omitted
Caused by: org.springframework.beans.BeanInstantiationException: Failed to instantiate [org.mongodb.morphia.DatastoreImpl]: Factory method 'configMongoAggregate' threw exception; nested exception is com.mongodb.MongoException: host and port should be specified in host:port format
	at org.springframework.beans.factory.support.SimpleInstantiationStrategy.instantiate(SimpleInstantiationStrategy.java:189)
	at org.springframework.beans.factory.support.ConstructorResolver.instantiateUsingFactoryMethod(ConstructorResolver.java:588)
	... 55 common frames omitted
Caused by: com.mongodb.MongoException: host and port should be specified in host:port format
	at com.mongodb.ServerAddress.<init>(ServerAddress.java:95)
	at com.mongodb.ServerAddress.<init>(ServerAddress.java:53)
	at com.mongodb.MongoClient.<init>(MongoClient.java:91)
	at colin.web.monitoring.config.MongoDBAggregateConfig.configMongoClient(MongoDBAggregateConfig.java:31)
	at colin.web.monitoring.config.MongoDBAggregateConfig.configMongoAggregate(MongoDBAggregateConfig.java:25)
	at colin.web.monitoring.config.MongoDBAggregateConfig$$EnhancerBySpringCGLIB$$ff284d2b.CGLIB$configMongoAggregate$0(<generated>)
	at colin.web.monitoring.config.MongoDBAggregateConfig$$EnhancerBySpringCGLIB$$ff284d2b$$FastClassBySpringCGLIB$$89dd1e27.invoke(<generated>)
	at org.springframework.cglib.proxy.MethodProxy.invokeSuper(MethodProxy.java:228)
	at org.springframework.context.annotation.ConfigurationClassEnhancer$BeanMethodInterceptor.intercept(ConfigurationClassEnhancer.java:356)
	at colin.web.monitoring.config.MongoDBAggregateConfig$$EnhancerBySpringCGLIB$$ff284d2b.configMongoAggregate(<generated>)
	at sun.reflect.NativeMethodAccessorImpl.invoke0(Native Method)
	at sun.reflect.NativeMethodAccessorImpl.invoke(NativeMethodAccessorImpl.java:62)
	at sun.reflect.DelegatingMethodAccessorImpl.invoke(DelegatingMethodAccessorImpl.java:43)
	at java.lang.reflect.Method.invoke(Method.java:498)
	at org.springframework.beans.factory.support.SimpleInstantiationStrategy.instantiate(SimpleInstantiationStrategy.java:162)
	... 56 common frames omitted
2016-06-30 18:01:00 [org.springframework.boot.logging.ClasspathLoggingApplicationListener:57] - Application failed to start with classpath: [file:/D:/workspace/TestPlatform/target/test-classes/, file:/D:/workspace/TestPlatform/target/classes/, file:/C:/Users/Administrator/.m2/repository/org/springframework/boot/spring-boot-starter-web/1.3.5.RELEASE/spring-boot-starter-web-1.3.5.RELEASE.jar, file:/C:/Users/Administrator/.m2/repository/org/springframework/boot/spring-boot-starter/1.3.5.RELEASE/spring-boot-starter-1.3.5.RELEASE.jar, file:/C:/Users/Administrator/.m2/repository/org/springframework/boot/spring-boot/1.3.5.RELEASE/spring-boot-1.3.5.RELEASE.jar, file:/C:/Users/Administrator/.m2/repository/org/springframework/boot/spring-boot-autoconfigure/1.3.5.RELEASE/spring-boot-autoconfigure-1.3.5.RELEASE.jar, file:/C:/Users/Administrator/.m2/repository/org/springframework/boot/spring-boot-starter-logging/1.3.5.RELEASE/spring-boot-starter-logging-1.3.5.RELEASE.jar, file:/C:/Users/Administrator/.m2/repository/ch/qos/logback/logback-classic/1.1.7/logback-classic-1.1.7.jar, file:/C:/Users/Administrator/.m2/repository/ch/qos/logback/logback-core/1.1.7/logback-core-1.1.7.jar, file:/C:/Users/Administrator/.m2/repository/org/slf4j/jul-to-slf4j/1.7.21/jul-to-slf4j-1.7.21.jar, file:/C:/Users/Administrator/.m2/repository/org/slf4j/log4j-over-slf4j/1.7.21/log4j-over-slf4j-1.7.21.jar, file:/C:/Users/Administrator/.m2/repository/org/yaml/snakeyaml/1.16/snakeyaml-1.16.jar, file:/C:/Users/Administrator/.m2/repository/org/springframework/boot/spring-boot-starter-tomcat/1.3.5.RELEASE/spring-boot-starter-tomcat-1.3.5.RELEASE.jar, file:/C:/Users/Administrator/.m2/repository/org/apache/tomcat/embed/tomcat-embed-core/8.0.33/tomcat-embed-core-8.0.33.jar, file:/C:/Users/Administrator/.m2/repository/org/apache/tomcat/embed/tomcat-embed-el/8.0.33/tomcat-embed-el-8.0.33.jar, file:/C:/Users/Administrator/.m2/repository/org/apache/tomcat/embed/tomcat-embed-logging-juli/8.0.33/tomcat-embed-logging-juli-8.0.33.jar, file:/C:/Users/Administrator/.m2/repository/org/apache/tomcat/embed/tomcat-embed-websocket/8.0.33/tomcat-embed-websocket-8.0.33.jar, file:/C:/Users/Administrator/.m2/repository/org/springframework/boot/spring-boot-starter-validation/1.3.5.RELEASE/spring-boot-starter-validation-1.3.5.RELEASE.jar, file:/C:/Users/Administrator/.m2/repository/org/hibernate/hibernate-validator/5.2.4.Final/hibernate-validator-5.2.4.Final.jar, file:/C:/Users/Administrator/.m2/repository/javax/validation/validation-api/1.1.0.Final/validation-api-1.1.0.Final.jar, file:/C:/Users/Administrator/.m2/repository/org/jboss/logging/jboss-logging/3.3.0.Final/jboss-logging-3.3.0.Final.jar, file:/C:/Users/Administrator/.m2/repository/com/fasterxml/classmate/1.1.0/classmate-1.1.0.jar, file:/C:/Users/Administrator/.m2/repository/com/fasterxml/jackson/core/jackson-databind/2.6.6/jackson-databind-2.6.6.jar, file:/C:/Users/Administrator/.m2/repository/com/fasterxml/jackson/core/jackson-annotations/2.6.6/jackson-annotations-2.6.6.jar, file:/C:/Users/Administrator/.m2/repository/com/fasterxml/jackson/core/jackson-core/2.6.6/jackson-core-2.6.6.jar, file:/C:/Users/Administrator/.m2/repository/org/springframework/spring-web/4.2.6.RELEASE/spring-web-4.2.6.RELEASE.jar, file:/C:/Users/Administrator/.m2/repository/org/springframework/spring-aop/4.2.6.RELEASE/spring-aop-4.2.6.RELEASE.jar, file:/C:/Users/Administrator/.m2/repository/aopalliance/aopalliance/1.0/aopalliance-1.0.jar, file:/C:/Users/Administrator/.m2/repository/org/springframework/spring-beans/4.2.6.RELEASE/spring-beans-4.2.6.RELEASE.jar, file:/C:/Users/Administrator/.m2/repository/org/springframework/spring-context/4.2.6.RELEASE/spring-context-4.2.6.RELEASE.jar, file:/C:/Users/Administrator/.m2/repository/org/springframework/spring-webmvc/4.2.6.RELEASE/spring-webmvc-4.2.6.RELEASE.jar, file:/C:/Users/Administrator/.m2/repository/org/springframework/spring-expression/4.2.6.RELEASE/spring-expression-4.2.6.RELEASE.jar, file:/C:/Users/Administrator/.m2/repository/org/springframework/boot/spring-boot-starter-test/1.3.5.RELEASE/spring-boot-starter-test-1.3.5.RELEASE.jar, file:/C:/Users/Administrator/.m2/repository/junit/junit/4.12/junit-4.12.jar, file:/C:/Users/Administrator/.m2/repository/org/mockito/mockito-core/1.10.19/mockito-core-1.10.19.jar, file:/C:/Users/Administrator/.m2/repository/org/objenesis/objenesis/2.1/objenesis-2.1.jar, file:/C:/Users/Administrator/.m2/repository/org/hamcrest/hamcrest-core/1.3/hamcrest-core-1.3.jar, file:/C:/Users/Administrator/.m2/repository/org/hamcrest/hamcrest-library/1.3/hamcrest-library-1.3.jar, file:/C:/Users/Administrator/.m2/repository/org/springframework/spring-core/4.2.6.RELEASE/spring-core-4.2.6.RELEASE.jar, file:/C:/Users/Administrator/.m2/repository/org/springframework/spring-test/4.2.6.RELEASE/spring-test-4.2.6.RELEASE.jar, file:/C:/Users/Administrator/.m2/repository/org/springframework/boot/spring-boot-starter-actuator/1.3.5.RELEASE/spring-boot-starter-actuator-1.3.5.RELEASE.jar, file:/C:/Users/Administrator/.m2/repository/org/springframework/boot/spring-boot-actuator/1.3.5.RELEASE/spring-boot-actuator-1.3.5.RELEASE.jar, file:/C:/Users/Administrator/.m2/repository/com/ibeetl/beetl/2.2.7/beetl-2.2.7.jar, file:/C:/Users/Administrator/.m2/repository/org/antlr/antlr4-runtime/4.2/antlr4-runtime-4.2.jar, file:/C:/Users/Administrator/.m2/repository/org/abego/treelayout/org.abego.treelayout.core/1.0.1/org.abego.treelayout.core-1.0.1.jar, file:/C:/Users/Administrator/.m2/repository/org/antlr/antlr4-annotations/4.2/antlr4-annotations-4.2.jar, file:/C:/Users/Administrator/.m2/repository/com/ibeetl/btjson/0.94/btjson-0.94.jar, file:/C:/Users/Administrator/.m2/repository/com/fasterxml/jackson/datatype/jackson-datatype-hibernate4/2.6.6/jackson-datatype-hibernate4-2.6.6.jar, file:/C:/Users/Administrator/.m2/repository/com/google/code/gson/gson/2.3.1/gson-2.3.1.jar, file:/C:/Users/Administrator/.m2/repository/org/igniterealtime/smack/smack-core/4.1.7/smack-core-4.1.7.jar, file:/C:/Users/Administrator/.m2/repository/org/jxmpp/jxmpp-core/0.4.2/jxmpp-core-0.4.2.jar, file:/C:/Users/Administrator/.m2/repository/org/jxmpp/jxmpp-util-cache/0.4.2/jxmpp-util-cache-0.4.2.jar, file:/C:/Users/Administrator/.m2/repository/xpp3/xpp3/1.1.4c/xpp3-1.1.4c.jar, file:/C:/Users/Administrator/.m2/repository/org/igniterealtime/smack/smack-tcp/4.1.7/smack-tcp-4.1.7.jar, file:/C:/Users/Administrator/.m2/repository/org/igniterealtime/smack/smack-im/4.1.7/smack-im-4.1.7.jar, file:/C:/Users/Administrator/.m2/repository/org/igniterealtime/smack/smack-java7/4.1.7/smack-java7-4.1.7.jar, file:/C:/Users/Administrator/.m2/repository/org/igniterealtime/smack/smack-resolver-javax/4.1.7/smack-resolver-javax-4.1.7.jar, file:/C:/Users/Administrator/.m2/repository/org/igniterealtime/smack/smack-extensions/4.1.7/smack-extensions-4.1.7.jar, file:/C:/Users/Administrator/.m2/repository/org/igniterealtime/smack/smack-resolver-dnsjava/4.1.7/smack-resolver-dnsjava-4.1.7.jar, file:/C:/Users/Administrator/.m2/repository/dnsjava/dnsjava/2.1.7/dnsjava-2.1.7.jar, file:/C:/Users/Administrator/.m2/repository/org/igniterealtime/smack/smack-sasl-javax/4.1.7/smack-sasl-javax-4.1.7.jar, file:/C:/Users/Administrator/.m2/repository/org/igniterealtime/smack/smack-debug/4.1.7/smack-debug-4.1.7.jar, file:/C:/Users/Administrator/.m2/repository/org/igniterealtime/smack/smack-experimental/4.1.7/smack-experimental-4.1.7.jar, file:/C:/Users/Administrator/.m2/repository/org/igniterealtime/smack/smack-legacy/4.1.7/smack-legacy-4.1.7.jar, file:/C:/Users/Administrator/.m2/repository/org/igniterealtime/smack/smack-bosh/4.1.7/smack-bosh-4.1.7.jar, file:/C:/Users/Administrator/.m2/repository/org/igniterealtime/jbosh/jbosh/0.8.0/jbosh-0.8.0.jar, file:/C:/Users/Administrator/.m2/repository/org/apache/httpcomponents/httpclient/4.5.2/httpclient-4.5.2.jar, file:/C:/Users/Administrator/.m2/repository/org/apache/httpcomponents/httpcore/4.4.4/httpcore-4.4.4.jar, file:/C:/Users/Administrator/.m2/repository/commons-codec/commons-codec/1.9/commons-codec-1.9.jar, file:/C:/Users/Administrator/.m2/repository/com/alibaba/fastjson/1.2.12/fastjson-1.2.12.jar, file:/C:/Users/Administrator/.m2/repository/org/springframework/boot/spring-boot-starter-data-mongodb/1.3.5.RELEASE/spring-boot-starter-data-mongodb-1.3.5.RELEASE.jar, file:/C:/Users/Administrator/.m2/repository/org/mongodb/mongo-java-driver/2.13.3/mongo-java-driver-2.13.3.jar, file:/C:/Users/Administrator/.m2/repository/org/springframework/data/spring-data-mongodb/1.8.4.RELEASE/spring-data-mongodb-1.8.4.RELEASE.jar, file:/C:/Users/Administrator/.m2/repository/org/springframework/spring-tx/4.2.6.RELEASE/spring-tx-4.2.6.RELEASE.jar, file:/C:/Users/Administrator/.m2/repository/org/springframework/data/spring-data-commons/1.11.4.RELEASE/spring-data-commons-1.11.4.RELEASE.jar, file:/C:/Users/Administrator/.m2/repository/org/slf4j/slf4j-api/1.7.21/slf4j-api-1.7.21.jar, file:/C:/Users/Administrator/.m2/repository/org/slf4j/jcl-over-slf4j/1.7.21/jcl-over-slf4j-1.7.21.jar, file:/C:/Users/Administrator/.m2/repository/org/mongodb/morphia/morphia/1.2.0/morphia-1.2.0.jar, file:/C:/Users/Administrator/.m2/repository/cglib/cglib-nodep/2.2.2/cglib-nodep-2.2.2.jar, file:/C:/Users/Administrator/.m2/repository/com/thoughtworks/proxytoys/proxytoys/1.0/proxytoys-1.0.jar, file:/F:/BaiduYunDownload/%e5%bc%80%e5%8f%91IDE/eclipse/configuration/org.eclipse.osgi/362/0/.cp/, file:/F:/BaiduYunDownload/%e5%bc%80%e5%8f%91IDE/eclipse/configuration/org.eclipse.osgi/361/0/.cp/]
2016-06-30 18:01:00 [org.springframework.test.context.TestContextManager:231] - Caught exception while allowing TestExecutionListener [org.springframework.test.context.web.ServletTestExecutionListener@60438a68] to prepare test instance [colin.web.monitoring.test.core.dao.TCommonMongoDao@767191b1]
java.lang.IllegalStateException: Failed to load ApplicationContext
	at org.springframework.test.context.cache.DefaultCacheAwareContextLoaderDelegate.loadContext(DefaultCacheAwareContextLoaderDelegate.java:124)
	at org.springframework.test.context.support.DefaultTestContext.getApplicationContext(DefaultTestContext.java:83)
	at org.springframework.test.context.web.ServletTestExecutionListener.setUpRequestContextIfNecessary(ServletTestExecutionListener.java:183)
	at org.springframework.test.context.web.ServletTestExecutionListener.prepareTestInstance(ServletTestExecutionListener.java:123)
	at org.springframework.test.context.TestContextManager.prepareTestInstance(TestContextManager.java:228)
	at org.springframework.test.context.junit4.SpringJUnit4ClassRunner.createTest(SpringJUnit4ClassRunner.java:230)
	at org.springframework.test.context.junit4.SpringJUnit4ClassRunner$1.runReflectiveCall(SpringJUnit4ClassRunner.java:289)
	at org.junit.internal.runners.model.ReflectiveCallable.run(ReflectiveCallable.java:12)
	at org.springframework.test.context.junit4.SpringJUnit4ClassRunner.methodBlock(SpringJUnit4ClassRunner.java:291)
	at org.springframework.test.context.junit4.SpringJUnit4ClassRunner.runChild(SpringJUnit4ClassRunner.java:249)
	at org.springframework.test.context.junit4.SpringJUnit4ClassRunner.runChild(SpringJUnit4ClassRunner.java:89)
	at org.junit.runners.ParentRunner$3.run(ParentRunner.java:290)
	at org.junit.runners.ParentRunner$1.schedule(ParentRunner.java:71)
	at org.junit.runners.ParentRunner.runChildren(ParentRunner.java:288)
	at org.junit.runners.ParentRunner.access$000(ParentRunner.java:58)
	at org.junit.runners.ParentRunner$2.evaluate(ParentRunner.java:268)
	at org.springframework.test.context.junit4.statements.RunBeforeTestClassCallbacks.evaluate(RunBeforeTestClassCallbacks.java:61)
	at org.springframework.test.context.junit4.statements.RunAfterTestClassCallbacks.evaluate(RunAfterTestClassCallbacks.java:70)
	at org.junit.runners.ParentRunner.run(ParentRunner.java:363)
	at org.springframework.test.context.junit4.SpringJUnit4ClassRunner.run(SpringJUnit4ClassRunner.java:193)
	at org.eclipse.jdt.internal.junit4.runner.JUnit4TestReference.run(JUnit4TestReference.java:50)
	at org.eclipse.jdt.internal.junit.runner.TestExecution.run(TestExecution.java:38)
	at org.eclipse.jdt.internal.junit.runner.RemoteTestRunner.runTests(RemoteTestRunner.java:459)
	at org.eclipse.jdt.internal.junit.runner.RemoteTestRunner.runTests(RemoteTestRunner.java:675)
	at org.eclipse.jdt.internal.junit.runner.RemoteTestRunner.run(RemoteTestRunner.java:382)
	at org.eclipse.jdt.internal.junit.runner.RemoteTestRunner.main(RemoteTestRunner.java:192)
Caused by: org.springframework.beans.factory.BeanCreationException: Error creating bean with name 'commonMongoDao': Injection of autowired dependencies failed; nested exception is org.springframework.beans.factory.BeanCreationException: Could not autowire field: private org.mongodb.morphia.Datastore colin.web.monitoring.core.dao.CommonMongoDao.dataStore; nested exception is org.springframework.beans.factory.BeanCreationException: Error creating bean with name 'configMongoAggregate' defined in class path resource [colin/web/monitoring/config/MongoDBAggregateConfig.class]: Bean instantiation via factory method failed; nested exception is org.springframework.beans.BeanInstantiationException: Failed to instantiate [org.mongodb.morphia.DatastoreImpl]: Factory method 'configMongoAggregate' threw exception; nested exception is com.mongodb.MongoException: host and port should be specified in host:port format
	at org.springframework.beans.factory.annotation.AutowiredAnnotationBeanPostProcessor.postProcessPropertyValues(AutowiredAnnotationBeanPostProcessor.java:334)
	at org.springframework.beans.factory.support.AbstractAutowireCapableBeanFactory.populateBean(AbstractAutowireCapableBeanFactory.java:1214)
	at org.springframework.beans.factory.support.AbstractAutowireCapableBeanFactory.doCreateBean(AbstractAutowireCapableBeanFactory.java:543)
	at org.springframework.beans.factory.support.AbstractAutowireCapableBeanFactory.createBean(AbstractAutowireCapableBeanFactory.java:482)
	at org.springframework.beans.factory.support.AbstractBeanFactory$1.getObject(AbstractBeanFactory.java:306)
	at org.springframework.beans.factory.support.DefaultSingletonBeanRegistry.getSingleton(DefaultSingletonBeanRegistry.java:230)
	at org.springframework.beans.factory.support.AbstractBeanFactory.doGetBean(AbstractBeanFactory.java:302)
	at org.springframework.beans.factory.support.AbstractBeanFactory.getBean(AbstractBeanFactory.java:197)
	at org.springframework.beans.factory.support.DefaultListableBeanFactory.preInstantiateSingletons(DefaultListableBeanFactory.java:772)
	at org.springframework.context.support.AbstractApplicationContext.finishBeanFactoryInitialization(AbstractApplicationContext.java:839)
	at org.springframework.context.support.AbstractApplicationContext.refresh(AbstractApplicationContext.java:538)
	at org.springframework.boot.SpringApplication.refresh(SpringApplication.java:766)
	at org.springframework.boot.SpringApplication.createAndRefreshContext(SpringApplication.java:361)
	at org.springframework.boot.SpringApplication.run(SpringApplication.java:307)
	at org.springframework.boot.test.SpringApplicationContextLoader.loadContext(SpringApplicationContextLoader.java:98)
	at org.springframework.test.context.cache.DefaultCacheAwareContextLoaderDelegate.loadContextInternal(DefaultCacheAwareContextLoaderDelegate.java:98)
	at org.springframework.test.context.cache.DefaultCacheAwareContextLoaderDelegate.loadContext(DefaultCacheAwareContextLoaderDelegate.java:116)
	... 25 common frames omitted
Caused by: org.springframework.beans.factory.BeanCreationException: Could not autowire field: private org.mongodb.morphia.Datastore colin.web.monitoring.core.dao.CommonMongoDao.dataStore; nested exception is org.springframework.beans.factory.BeanCreationException: Error creating bean with name 'configMongoAggregate' defined in class path resource [colin/web/monitoring/config/MongoDBAggregateConfig.class]: Bean instantiation via factory method failed; nested exception is org.springframework.beans.BeanInstantiationException: Failed to instantiate [org.mongodb.morphia.DatastoreImpl]: Factory method 'configMongoAggregate' threw exception; nested exception is com.mongodb.MongoException: host and port should be specified in host:port format
	at org.springframework.beans.factory.annotation.AutowiredAnnotationBeanPostProcessor$AutowiredFieldElement.inject(AutowiredAnnotationBeanPostProcessor.java:573)
	at org.springframework.beans.factory.annotation.InjectionMetadata.inject(InjectionMetadata.java:88)
	at org.springframework.beans.factory.annotation.AutowiredAnnotationBeanPostProcessor.postProcessPropertyValues(AutowiredAnnotationBeanPostProcessor.java:331)
	... 41 common frames omitted
Caused by: org.springframework.beans.factory.BeanCreationException: Error creating bean with name 'configMongoAggregate' defined in class path resource [colin/web/monitoring/config/MongoDBAggregateConfig.class]: Bean instantiation via factory method failed; nested exception is org.springframework.beans.BeanInstantiationException: Failed to instantiate [org.mongodb.morphia.DatastoreImpl]: Factory method 'configMongoAggregate' threw exception; nested exception is com.mongodb.MongoException: host and port should be specified in host:port format
	at org.springframework.beans.factory.support.ConstructorResolver.instantiateUsingFactoryMethod(ConstructorResolver.java:599)
	at org.springframework.beans.factory.support.AbstractAutowireCapableBeanFactory.instantiateUsingFactoryMethod(AbstractAutowireCapableBeanFactory.java:1123)
	at org.springframework.beans.factory.support.AbstractAutowireCapableBeanFactory.createBeanInstance(AbstractAutowireCapableBeanFactory.java:1018)
	at org.springframework.beans.factory.support.AbstractAutowireCapableBeanFactory.doCreateBean(AbstractAutowireCapableBeanFactory.java:510)
	at org.springframework.beans.factory.support.AbstractAutowireCapableBeanFactory.createBean(AbstractAutowireCapableBeanFactory.java:482)
	at org.springframework.beans.factory.support.AbstractBeanFactory$1.getObject(AbstractBeanFactory.java:306)
	at org.springframework.beans.factory.support.DefaultSingletonBeanRegistry.getSingleton(DefaultSingletonBeanRegistry.java:230)
	at org.springframework.beans.factory.support.AbstractBeanFactory.doGetBean(AbstractBeanFactory.java:302)
	at org.springframework.beans.factory.support.AbstractBeanFactory.getBean(AbstractBeanFactory.java:197)
	at org.springframework.beans.factory.support.DefaultListableBeanFactory.findAutowireCandidates(DefaultListableBeanFactory.java:1192)
	at org.springframework.beans.factory.support.DefaultListableBeanFactory.doResolveDependency(DefaultListableBeanFactory.java:1116)
	at org.springframework.beans.factory.support.DefaultListableBeanFactory.resolveDependency(DefaultListableBeanFactory.java:1014)
	at org.springframework.beans.factory.annotation.AutowiredAnnotationBeanPostProcessor$AutowiredFieldElement.inject(AutowiredAnnotationBeanPostProcessor.java:545)
	... 43 common frames omitted
Caused by: org.springframework.beans.BeanInstantiationException: Failed to instantiate [org.mongodb.morphia.DatastoreImpl]: Factory method 'configMongoAggregate' threw exception; nested exception is com.mongodb.MongoException: host and port should be specified in host:port format
	at org.springframework.beans.factory.support.SimpleInstantiationStrategy.instantiate(SimpleInstantiationStrategy.java:189)
	at org.springframework.beans.factory.support.ConstructorResolver.instantiateUsingFactoryMethod(ConstructorResolver.java:588)
	... 55 common frames omitted
Caused by: com.mongodb.MongoException: host and port should be specified in host:port format
	at com.mongodb.ServerAddress.<init>(ServerAddress.java:95)
	at com.mongodb.ServerAddress.<init>(ServerAddress.java:53)
	at com.mongodb.MongoClient.<init>(MongoClient.java:91)
	at colin.web.monitoring.config.MongoDBAggregateConfig.configMongoClient(MongoDBAggregateConfig.java:31)
	at colin.web.monitoring.config.MongoDBAggregateConfig.configMongoAggregate(MongoDBAggregateConfig.java:25)
	at colin.web.monitoring.config.MongoDBAggregateConfig$$EnhancerBySpringCGLIB$$ff284d2b.CGLIB$configMongoAggregate$0(<generated>)
	at colin.web.monitoring.config.MongoDBAggregateConfig$$EnhancerBySpringCGLIB$$ff284d2b$$FastClassBySpringCGLIB$$89dd1e27.invoke(<generated>)
	at org.springframework.cglib.proxy.MethodProxy.invokeSuper(MethodProxy.java:228)
	at org.springframework.context.annotation.ConfigurationClassEnhancer$BeanMethodInterceptor.intercept(ConfigurationClassEnhancer.java:356)
	at colin.web.monitoring.config.MongoDBAggregateConfig$$EnhancerBySpringCGLIB$$ff284d2b.configMongoAggregate(<generated>)
	at sun.reflect.NativeMethodAccessorImpl.invoke0(Native Method)
	at sun.reflect.NativeMethodAccessorImpl.invoke(NativeMethodAccessorImpl.java:62)
	at sun.reflect.DelegatingMethodAccessorImpl.invoke(DelegatingMethodAccessorImpl.java:43)
	at java.lang.reflect.Method.invoke(Method.java:498)
	at org.springframework.beans.factory.support.SimpleInstantiationStrategy.instantiate(SimpleInstantiationStrategy.java:162)
	... 56 common frames omitted
2016-06-30 18:08:25 [org.springframework.test.context.support.AbstractContextLoader:242] - Could not detect default resource locations for test class [colin.web.monitoring.test.TCommonConfig]: no resource found for suffixes {-context.xml, Context.groovy}.
2016-06-30 18:08:25 [org.springframework.test.context.support.AbstractTestContextBootstrapper:258] - Loaded default TestExecutionListener class names from location [META-INF/spring.factories]: [org.springframework.test.context.web.ServletTestExecutionListener, org.springframework.test.context.support.DirtiesContextBeforeModesTestExecutionListener, org.springframework.test.context.support.DependencyInjectionTestExecutionListener, org.springframework.test.context.support.DirtiesContextTestExecutionListener, org.springframework.test.context.transaction.TransactionalTestExecutionListener, org.springframework.test.context.jdbc.SqlScriptsTestExecutionListener]
2016-06-30 18:08:25 [org.springframework.test.context.support.AbstractTestContextBootstrapper:185] - Using TestExecutionListeners: [org.springframework.test.context.web.ServletTestExecutionListener@60438a68, org.springframework.test.context.support.DirtiesContextBeforeModesTestExecutionListener@140e5a13, org.springframework.test.context.support.DependencyInjectionTestExecutionListener@3439f68d, org.springframework.test.context.support.DirtiesContextTestExecutionListener@dbd940d, org.springframework.test.context.transaction.TransactionalTestExecutionListener@71d15f18, org.springframework.test.context.jdbc.SqlScriptsTestExecutionListener@17695df3]
2016-06-30 18:08:25 [org.springframework.boot.StartupInfoLogger:48] - Starting TCommonMongoDao on PC201604021529 with PID 149672 (D:\workspace\TestPlatform\target\test-classes started by Administrator in D:\workspace\TestPlatform)
2016-06-30 18:08:25 [org.springframework.boot.SpringApplication:666] - No active profile set, falling back to default profiles: default
2016-06-30 18:08:26 [org.springframework.context.support.AbstractApplicationContext:578] - Refreshing org.springframework.web.context.support.GenericWebApplicationContext@7dcf94f8: startup date [Thu Jun 30 18:08:26 CST 2016]; root of context hierarchy
2016-06-30 18:08:26 [org.hibernate.validator.internal.util.Version:30] - HV000001: Hibernate Validator 5.2.4.Final
2016-06-30 18:08:29 [org.mongodb.morphia.logging.jdk.JDKLogger:165] - LoggerImplFactory set to org.mongodb.morphia.logging.jdk.JDKLoggerFactory
2016-06-30 18:08:31 [org.springframework.web.servlet.mvc.method.annotation.RequestMappingHandlerAdapter:539] - Looking for @ControllerAdvice: org.springframework.web.context.support.GenericWebApplicationContext@7dcf94f8: startup date [Thu Jun 30 18:08:26 CST 2016]; root of context hierarchy
2016-06-30 18:08:31 [org.springframework.web.servlet.handler.AbstractHandlerMethodMapping$MappingRegistry:534] - Mapped "{[/dashboard/index],methods=[GET]}" onto public org.springframework.web.servlet.ModelAndView colin.web.monitoring.controller.DashboardController.showDashBoardHtml()
2016-06-30 18:08:31 [org.springframework.web.servlet.handler.AbstractHandlerMethodMapping$MappingRegistry:534] - Mapped "{[/openfire/client/login],methods=[POST]}" onto public java.lang.String colin.web.monitoring.controller.openfire.OpenfireClientLogin.userOpenfireLogin(java.lang.String,java.lang.String)
2016-06-30 18:08:31 [org.springframework.web.servlet.handler.AbstractHandlerMethodMapping$MappingRegistry:534] - Mapped "{[/openfire/client/login],methods=[GET]}" onto public java.lang.String colin.web.monitoring.controller.openfire.OpenfireClientLogin.ofUserLogin()
2016-06-30 18:08:31 [org.springframework.web.servlet.handler.AbstractHandlerMethodMapping$MappingRegistry:534] - Mapped "{[/error]}" onto public org.springframework.http.ResponseEntity<java.util.Map<java.lang.String, java.lang.Object>> org.springframework.boot.autoconfigure.web.BasicErrorController.error(javax.servlet.http.HttpServletRequest)
2016-06-30 18:08:31 [org.springframework.web.servlet.handler.AbstractHandlerMethodMapping$MappingRegistry:534] - Mapped "{[/error],produces=[text/html]}" onto public org.springframework.web.servlet.ModelAndView org.springframework.boot.autoconfigure.web.BasicErrorController.errorHtml(javax.servlet.http.HttpServletRequest,javax.servlet.http.HttpServletResponse)
2016-06-30 18:08:31 [org.springframework.web.servlet.handler.AbstractUrlHandlerMapping:341] - Mapped URL path [/webjars/**] onto handler of type [class org.springframework.web.servlet.resource.ResourceHttpRequestHandler]
2016-06-30 18:08:31 [org.springframework.web.servlet.handler.AbstractUrlHandlerMapping:341] - Mapped URL path [/**] onto handler of type [class org.springframework.web.servlet.resource.ResourceHttpRequestHandler]
2016-06-30 18:08:31 [org.springframework.web.servlet.handler.AbstractUrlHandlerMapping:341] - Mapped URL path [/**/favicon.ico] onto handler of type [class org.springframework.web.servlet.resource.ResourceHttpRequestHandler]
2016-06-30 18:08:32 [org.springframework.web.servlet.handler.AbstractHandlerMethodMapping$MappingRegistry:534] - Mapped "{[/info || /info.json],methods=[GET],produces=[application/json]}" onto public java.lang.Object org.springframework.boot.actuate.endpoint.mvc.EndpointMvcAdapter.invoke()
2016-06-30 18:08:32 [org.springframework.web.servlet.handler.AbstractHandlerMethodMapping$MappingRegistry:534] - Mapped "{[/trace || /trace.json],methods=[GET],produces=[application/json]}" onto public java.lang.Object org.springframework.boot.actuate.endpoint.mvc.EndpointMvcAdapter.invoke()
2016-06-30 18:08:32 [org.springframework.web.servlet.handler.AbstractHandlerMethodMapping$MappingRegistry:534] - Mapped "{[/health || /health.json],produces=[application/json]}" onto public java.lang.Object org.springframework.boot.actuate.endpoint.mvc.HealthMvcEndpoint.invoke(java.security.Principal)
2016-06-30 18:08:32 [org.springframework.web.servlet.handler.AbstractHandlerMethodMapping$MappingRegistry:534] - Mapped "{[/env/{name:.*}],methods=[GET],produces=[application/json]}" onto public java.lang.Object org.springframework.boot.actuate.endpoint.mvc.EnvironmentMvcEndpoint.value(java.lang.String)
2016-06-30 18:08:32 [org.springframework.web.servlet.handler.AbstractHandlerMethodMapping$MappingRegistry:534] - Mapped "{[/env || /env.json],methods=[GET],produces=[application/json]}" onto public java.lang.Object org.springframework.boot.actuate.endpoint.mvc.EndpointMvcAdapter.invoke()
2016-06-30 18:08:32 [org.springframework.web.servlet.handler.AbstractHandlerMethodMapping$MappingRegistry:534] - Mapped "{[/configprops || /configprops.json],methods=[GET],produces=[application/json]}" onto public java.lang.Object org.springframework.boot.actuate.endpoint.mvc.EndpointMvcAdapter.invoke()
2016-06-30 18:08:32 [org.springframework.web.servlet.handler.AbstractHandlerMethodMapping$MappingRegistry:534] - Mapped "{[/dump || /dump.json],methods=[GET],produces=[application/json]}" onto public java.lang.Object org.springframework.boot.actuate.endpoint.mvc.EndpointMvcAdapter.invoke()
2016-06-30 18:08:32 [org.springframework.web.servlet.handler.AbstractHandlerMethodMapping$MappingRegistry:534] - Mapped "{[/metrics/{name:.*}],methods=[GET],produces=[application/json]}" onto public java.lang.Object org.springframework.boot.actuate.endpoint.mvc.MetricsMvcEndpoint.value(java.lang.String)
2016-06-30 18:08:32 [org.springframework.web.servlet.handler.AbstractHandlerMethodMapping$MappingRegistry:534] - Mapped "{[/metrics || /metrics.json],methods=[GET],produces=[application/json]}" onto public java.lang.Object org.springframework.boot.actuate.endpoint.mvc.EndpointMvcAdapter.invoke()
2016-06-30 18:08:32 [org.springframework.web.servlet.handler.AbstractHandlerMethodMapping$MappingRegistry:534] - Mapped "{[/beans || /beans.json],methods=[GET],produces=[application/json]}" onto public java.lang.Object org.springframework.boot.actuate.endpoint.mvc.EndpointMvcAdapter.invoke()
2016-06-30 18:08:32 [org.springframework.web.servlet.handler.AbstractHandlerMethodMapping$MappingRegistry:534] - Mapped "{[/mappings || /mappings.json],methods=[GET],produces=[application/json]}" onto public java.lang.Object org.springframework.boot.actuate.endpoint.mvc.EndpointMvcAdapter.invoke()
2016-06-30 18:08:32 [org.springframework.web.servlet.handler.AbstractHandlerMethodMapping$MappingRegistry:534] - Mapped "{[/autoconfig || /autoconfig.json],methods=[GET],produces=[application/json]}" onto public java.lang.Object org.springframework.boot.actuate.endpoint.mvc.EndpointMvcAdapter.invoke()
2016-06-30 18:08:32 [org.springframework.boot.StartupInfoLogger:57] - Started TCommonMongoDao in 7.044 seconds (JVM running for 8.124)
2016-06-30 18:08:42 [org.springframework.context.support.AbstractApplicationContext:960] - Closing org.springframework.web.context.support.GenericWebApplicationContext@7dcf94f8: startup date [Thu Jun 30 18:08:26 CST 2016]; root of context hierarchy
