2016-06-23 15:28:54 [colin.web.monitoring.Application:17] - 应用服务器启动开始
2016-06-23 15:28:54 [org.springframework.boot.StartupInfoLogger:48] - Starting Application on PC201604021529 with PID 10096 (D:\workspace\TestPlatform\target\classes started by Administrator in D:\workspace\TestPlatform)
2016-06-23 15:28:54 [org.springframework.boot.SpringApplication:666] - No active profile set, falling back to default profiles: default
2016-06-23 15:28:54 [org.springframework.context.support.AbstractApplicationContext:578] - Refreshing org.springframework.boot.context.embedded.AnnotationConfigEmbeddedWebApplicationContext@223f3642: startup date [Thu Jun 23 15:28:54 CST 2016]; root of context hierarchy
2016-06-23 15:28:55 [org.hibernate.validator.internal.util.Version:30] - HV000001: Hibernate Validator 5.2.4.Final
2016-06-23 15:28:56 [org.springframework.boot.context.embedded.tomcat.TomcatEmbeddedServletContainer:81] - Tomcat initialized with port(s): 9999 (http)
2016-06-23 15:28:56 [org.apache.juli.logging.DirectJDKLog:180] - Starting service Tomcat
2016-06-23 15:28:56 [org.apache.juli.logging.DirectJDKLog:180] - Starting Servlet Engine: Apache Tomcat/8.0.33
2016-06-23 15:28:56 [org.apache.juli.logging.DirectJDKLog:180] - Initializing Spring embedded WebApplicationContext
2016-06-23 15:28:56 [org.springframework.boot.context.embedded.EmbeddedWebApplicationContext:272] - Root WebApplicationContext: initialization completed in 2126 ms
2016-06-23 15:28:57 [org.springframework.boot.context.embedded.ServletRegistrationBean:189] - Mapping servlet: 'dispatcherServlet' to [/]
2016-06-23 15:28:57 [org.springframework.boot.context.embedded.AbstractFilterRegistrationBean:258] - Mapping filter: 'metricFilter' to: [/*]
2016-06-23 15:28:57 [org.springframework.boot.context.embedded.AbstractFilterRegistrationBean:258] - Mapping filter: 'characterEncodingFilter' to: [/*]
2016-06-23 15:28:57 [org.springframework.boot.context.embedded.AbstractFilterRegistrationBean:258] - Mapping filter: 'hiddenHttpMethodFilter' to: [/*]
2016-06-23 15:28:57 [org.springframework.boot.context.embedded.AbstractFilterRegistrationBean:258] - Mapping filter: 'httpPutFormContentFilter' to: [/*]
2016-06-23 15:28:57 [org.springframework.boot.context.embedded.AbstractFilterRegistrationBean:258] - Mapping filter: 'requestContextFilter' to: [/*]
2016-06-23 15:28:57 [org.springframework.boot.context.embedded.AbstractFilterRegistrationBean:258] - Mapping filter: 'webRequestLoggingFilter' to: [/*]
2016-06-23 15:28:57 [org.springframework.boot.context.embedded.AbstractFilterRegistrationBean:258] - Mapping filter: 'applicationContextIdFilter' to: [/*]
2016-06-23 15:28:57 [org.springframework.web.servlet.mvc.method.annotation.RequestMappingHandlerAdapter:539] - Looking for @ControllerAdvice: org.springframework.boot.context.embedded.AnnotationConfigEmbeddedWebApplicationContext@223f3642: startup date [Thu Jun 23 15:28:54 CST 2016]; root of context hierarchy
2016-06-23 15:28:57 [org.springframework.web.servlet.handler.AbstractHandlerMethodMapping$MappingRegistry:534] - Mapped "{[/dashboard/index],methods=[GET]}" onto public org.springframework.web.servlet.ModelAndView colin.web.monitoring.controller.DashboardController.showDashBoardHtml()
2016-06-23 15:28:57 [org.springframework.web.servlet.handler.AbstractHandlerMethodMapping$MappingRegistry:534] - Mapped "{[/error]}" onto public org.springframework.http.ResponseEntity<java.util.Map<java.lang.String, java.lang.Object>> org.springframework.boot.autoconfigure.web.BasicErrorController.error(javax.servlet.http.HttpServletRequest)
2016-06-23 15:28:57 [org.springframework.web.servlet.handler.AbstractHandlerMethodMapping$MappingRegistry:534] - Mapped "{[/error],produces=[text/html]}" onto public org.springframework.web.servlet.ModelAndView org.springframework.boot.autoconfigure.web.BasicErrorController.errorHtml(javax.servlet.http.HttpServletRequest,javax.servlet.http.HttpServletResponse)
2016-06-23 15:28:57 [org.springframework.web.servlet.handler.AbstractUrlHandlerMapping:341] - Mapped URL path [/webjars/**] onto handler of type [class org.springframework.web.servlet.resource.ResourceHttpRequestHandler]
2016-06-23 15:28:57 [org.springframework.web.servlet.handler.AbstractUrlHandlerMapping:341] - Mapped URL path [/**] onto handler of type [class org.springframework.web.servlet.resource.ResourceHttpRequestHandler]
2016-06-23 15:28:57 [org.springframework.web.servlet.handler.AbstractUrlHandlerMapping:341] - Mapped URL path [/**/favicon.ico] onto handler of type [class org.springframework.web.servlet.resource.ResourceHttpRequestHandler]
2016-06-23 15:28:58 [org.springframework.web.servlet.handler.AbstractHandlerMethodMapping$MappingRegistry:534] - Mapped "{[/env/{name:.*}],methods=[GET],produces=[application/json]}" onto public java.lang.Object org.springframework.boot.actuate.endpoint.mvc.EnvironmentMvcEndpoint.value(java.lang.String)
2016-06-23 15:28:58 [org.springframework.web.servlet.handler.AbstractHandlerMethodMapping$MappingRegistry:534] - Mapped "{[/env || /env.json],methods=[GET],produces=[application/json]}" onto public java.lang.Object org.springframework.boot.actuate.endpoint.mvc.EndpointMvcAdapter.invoke()
2016-06-23 15:28:58 [org.springframework.web.servlet.handler.AbstractHandlerMethodMapping$MappingRegistry:534] - Mapped "{[/health || /health.json],produces=[application/json]}" onto public java.lang.Object org.springframework.boot.actuate.endpoint.mvc.HealthMvcEndpoint.invoke(java.security.Principal)
2016-06-23 15:28:58 [org.springframework.web.servlet.handler.AbstractHandlerMethodMapping$MappingRegistry:534] - Mapped "{[/info || /info.json],methods=[GET],produces=[application/json]}" onto public java.lang.Object org.springframework.boot.actuate.endpoint.mvc.EndpointMvcAdapter.invoke()
2016-06-23 15:28:58 [org.springframework.web.servlet.handler.AbstractHandlerMethodMapping$MappingRegistry:534] - Mapped "{[/mappings || /mappings.json],methods=[GET],produces=[application/json]}" onto public java.lang.Object org.springframework.boot.actuate.endpoint.mvc.EndpointMvcAdapter.invoke()
2016-06-23 15:28:58 [org.springframework.web.servlet.handler.AbstractHandlerMethodMapping$MappingRegistry:534] - Mapped "{[/autoconfig || /autoconfig.json],methods=[GET],produces=[application/json]}" onto public java.lang.Object org.springframework.boot.actuate.endpoint.mvc.EndpointMvcAdapter.invoke()
2016-06-23 15:28:58 [org.springframework.web.servlet.handler.AbstractHandlerMethodMapping$MappingRegistry:534] - Mapped "{[/beans || /beans.json],methods=[GET],produces=[application/json]}" onto public java.lang.Object org.springframework.boot.actuate.endpoint.mvc.EndpointMvcAdapter.invoke()
2016-06-23 15:28:58 [org.springframework.web.servlet.handler.AbstractHandlerMethodMapping$MappingRegistry:534] - Mapped "{[/trace || /trace.json],methods=[GET],produces=[application/json]}" onto public java.lang.Object org.springframework.boot.actuate.endpoint.mvc.EndpointMvcAdapter.invoke()
2016-06-23 15:28:58 [org.springframework.web.servlet.handler.AbstractHandlerMethodMapping$MappingRegistry:534] - Mapped "{[/metrics/{name:.*}],methods=[GET],produces=[application/json]}" onto public java.lang.Object org.springframework.boot.actuate.endpoint.mvc.MetricsMvcEndpoint.value(java.lang.String)
2016-06-23 15:28:58 [org.springframework.web.servlet.handler.AbstractHandlerMethodMapping$MappingRegistry:534] - Mapped "{[/metrics || /metrics.json],methods=[GET],produces=[application/json]}" onto public java.lang.Object org.springframework.boot.actuate.endpoint.mvc.EndpointMvcAdapter.invoke()
2016-06-23 15:28:58 [org.springframework.web.servlet.handler.AbstractHandlerMethodMapping$MappingRegistry:534] - Mapped "{[/dump || /dump.json],methods=[GET],produces=[application/json]}" onto public java.lang.Object org.springframework.boot.actuate.endpoint.mvc.EndpointMvcAdapter.invoke()
2016-06-23 15:28:58 [org.springframework.web.servlet.handler.AbstractHandlerMethodMapping$MappingRegistry:534] - Mapped "{[/configprops || /configprops.json],methods=[GET],produces=[application/json]}" onto public java.lang.Object org.springframework.boot.actuate.endpoint.mvc.EndpointMvcAdapter.invoke()
2016-06-23 15:28:58 [org.springframework.jmx.export.MBeanExporter:431] - Registering beans for JMX exposure on startup
2016-06-23 15:28:58 [org.springframework.jmx.export.MBeanExporter:431] - Registering beans for JMX exposure on startup
2016-06-23 15:28:58 [org.springframework.context.support.DefaultLifecycleProcessor$LifecycleGroup:341] - Starting beans in phase 0
2016-06-23 15:28:58 [org.springframework.jmx.export.MBeanExporter:674] - Located managed bean 'requestMappingEndpoint': registering with JMX server as MBean [org.springframework.boot:type=Endpoint,name=requestMappingEndpoint]
2016-06-23 15:28:58 [org.springframework.jmx.export.MBeanExporter:674] - Located managed bean 'environmentEndpoint': registering with JMX server as MBean [org.springframework.boot:type=Endpoint,name=environmentEndpoint]
2016-06-23 15:28:58 [org.springframework.jmx.export.MBeanExporter:674] - Located managed bean 'healthEndpoint': registering with JMX server as MBean [org.springframework.boot:type=Endpoint,name=healthEndpoint]
2016-06-23 15:28:58 [org.springframework.jmx.export.MBeanExporter:674] - Located managed bean 'beansEndpoint': registering with JMX server as MBean [org.springframework.boot:type=Endpoint,name=beansEndpoint]
2016-06-23 15:28:58 [org.springframework.jmx.export.MBeanExporter:674] - Located managed bean 'infoEndpoint': registering with JMX server as MBean [org.springframework.boot:type=Endpoint,name=infoEndpoint]
2016-06-23 15:28:58 [org.springframework.jmx.export.MBeanExporter:674] - Located managed bean 'metricsEndpoint': registering with JMX server as MBean [org.springframework.boot:type=Endpoint,name=metricsEndpoint]
2016-06-23 15:28:58 [org.springframework.jmx.export.MBeanExporter:674] - Located managed bean 'traceEndpoint': registering with JMX server as MBean [org.springframework.boot:type=Endpoint,name=traceEndpoint]
2016-06-23 15:28:58 [org.springframework.jmx.export.MBeanExporter:674] - Located managed bean 'dumpEndpoint': registering with JMX server as MBean [org.springframework.boot:type=Endpoint,name=dumpEndpoint]
2016-06-23 15:28:58 [org.springframework.jmx.export.MBeanExporter:674] - Located managed bean 'autoConfigurationReportEndpoint': registering with JMX server as MBean [org.springframework.boot:type=Endpoint,name=autoConfigurationReportEndpoint]
2016-06-23 15:28:58 [org.springframework.jmx.export.MBeanExporter:674] - Located managed bean 'configurationPropertiesReportEndpoint': registering with JMX server as MBean [org.springframework.boot:type=Endpoint,name=configurationPropertiesReportEndpoint]
2016-06-23 15:28:58 [org.apache.juli.logging.DirectJDKLog:180] - Initializing ProtocolHandler ["http-nio-9999"]
2016-06-23 15:28:58 [org.apache.juli.logging.DirectJDKLog:180] - Starting ProtocolHandler ["http-nio-9999"]
2016-06-23 15:28:58 [org.apache.juli.logging.DirectJDKLog:180] - Using a shared selector for servlet write/read
2016-06-23 15:28:58 [org.springframework.boot.context.embedded.tomcat.TomcatEmbeddedServletContainer:162] - Tomcat started on port(s): 9999 (http)
2016-06-23 15:28:58 [org.springframework.boot.StartupInfoLogger:57] - Started Application in 4.323 seconds (JVM running for 5.048)
2016-06-23 15:28:58 [colin.web.monitoring.Application:21] - 应用服务器启动成功，监听端口号是：9999
2016-06-23 15:29:14 [org.apache.juli.logging.DirectJDKLog:180] - Initializing Spring FrameworkServlet 'dispatcherServlet'
2016-06-23 15:29:14 [org.springframework.web.servlet.FrameworkServlet:487] - FrameworkServlet 'dispatcherServlet': initialization started
2016-06-23 15:29:14 [org.springframework.web.servlet.FrameworkServlet:506] - FrameworkServlet 'dispatcherServlet': initialization completed in 20 ms
2016-06-23 16:27:11 [colin.web.monitoring.Application:17] - 应用服务器启动开始
2016-06-23 16:27:12 [org.springframework.boot.StartupInfoLogger:48] - Starting Application on PC201604021529 with PID 8260 (D:\workspace\TestPlatform\target\classes started by Administrator in D:\workspace\TestPlatform)
2016-06-23 16:27:12 [org.springframework.boot.SpringApplication:666] - No active profile set, falling back to default profiles: default
2016-06-23 16:27:12 [org.springframework.context.support.AbstractApplicationContext:578] - Refreshing org.springframework.boot.context.embedded.AnnotationConfigEmbeddedWebApplicationContext@12d4bf7e: startup date [Thu Jun 23 16:27:12 CST 2016]; root of context hierarchy
2016-06-23 16:27:13 [org.hibernate.validator.internal.util.Version:30] - HV000001: Hibernate Validator 5.2.4.Final
2016-06-23 16:27:14 [org.springframework.boot.context.embedded.tomcat.TomcatEmbeddedServletContainer:81] - Tomcat initialized with port(s): 9999 (http)
2016-06-23 16:27:14 [org.apache.juli.logging.DirectJDKLog:180] - Starting service Tomcat
2016-06-23 16:27:14 [org.apache.juli.logging.DirectJDKLog:180] - Starting Servlet Engine: Apache Tomcat/8.0.33
2016-06-23 16:27:14 [org.apache.juli.logging.DirectJDKLog:180] - Initializing Spring embedded WebApplicationContext
2016-06-23 16:27:14 [org.springframework.boot.context.embedded.EmbeddedWebApplicationContext:272] - Root WebApplicationContext: initialization completed in 2252 ms
2016-06-23 16:27:15 [org.springframework.boot.context.embedded.ServletRegistrationBean:189] - Mapping servlet: 'dispatcherServlet' to [/]
2016-06-23 16:27:15 [org.springframework.boot.context.embedded.AbstractFilterRegistrationBean:258] - Mapping filter: 'metricFilter' to: [/*]
2016-06-23 16:27:15 [org.springframework.boot.context.embedded.AbstractFilterRegistrationBean:258] - Mapping filter: 'characterEncodingFilter' to: [/*]
2016-06-23 16:27:15 [org.springframework.boot.context.embedded.AbstractFilterRegistrationBean:258] - Mapping filter: 'hiddenHttpMethodFilter' to: [/*]
2016-06-23 16:27:15 [org.springframework.boot.context.embedded.AbstractFilterRegistrationBean:258] - Mapping filter: 'httpPutFormContentFilter' to: [/*]
2016-06-23 16:27:15 [org.springframework.boot.context.embedded.AbstractFilterRegistrationBean:258] - Mapping filter: 'requestContextFilter' to: [/*]
2016-06-23 16:27:15 [org.springframework.boot.context.embedded.AbstractFilterRegistrationBean:258] - Mapping filter: 'webRequestLoggingFilter' to: [/*]
2016-06-23 16:27:15 [org.springframework.boot.context.embedded.AbstractFilterRegistrationBean:258] - Mapping filter: 'applicationContextIdFilter' to: [/*]
2016-06-23 16:27:15 [org.springframework.web.servlet.mvc.method.annotation.RequestMappingHandlerAdapter:539] - Looking for @ControllerAdvice: org.springframework.boot.context.embedded.AnnotationConfigEmbeddedWebApplicationContext@12d4bf7e: startup date [Thu Jun 23 16:27:12 CST 2016]; root of context hierarchy
2016-06-23 16:27:15 [org.springframework.web.servlet.handler.AbstractHandlerMethodMapping$MappingRegistry:534] - Mapped "{[/dashboard/index],methods=[GET]}" onto public org.springframework.web.servlet.ModelAndView colin.web.monitoring.controller.DashboardController.showDashBoardHtml()
2016-06-23 16:27:15 [org.springframework.web.servlet.handler.AbstractHandlerMethodMapping$MappingRegistry:534] - Mapped "{[/openfire/client/login],methods=[POST]}" onto public java.lang.String colin.web.monitoring.controller.openfire.OpenfireClientLogin.userOpenfireLogin(java.lang.String,java.lang.String)
2016-06-23 16:27:15 [org.springframework.web.servlet.handler.AbstractHandlerMethodMapping$MappingRegistry:534] - Mapped "{[/openfire/client/login],methods=[GET]}" onto public java.lang.String colin.web.monitoring.controller.openfire.OpenfireClientLogin.ofUserLogin()
2016-06-23 16:27:15 [org.springframework.web.servlet.handler.AbstractHandlerMethodMapping$MappingRegistry:534] - Mapped "{[/error]}" onto public org.springframework.http.ResponseEntity<java.util.Map<java.lang.String, java.lang.Object>> org.springframework.boot.autoconfigure.web.BasicErrorController.error(javax.servlet.http.HttpServletRequest)
2016-06-23 16:27:15 [org.springframework.web.servlet.handler.AbstractHandlerMethodMapping$MappingRegistry:534] - Mapped "{[/error],produces=[text/html]}" onto public org.springframework.web.servlet.ModelAndView org.springframework.boot.autoconfigure.web.BasicErrorController.errorHtml(javax.servlet.http.HttpServletRequest,javax.servlet.http.HttpServletResponse)
2016-06-23 16:27:15 [org.springframework.web.servlet.handler.AbstractUrlHandlerMapping:341] - Mapped URL path [/webjars/**] onto handler of type [class org.springframework.web.servlet.resource.ResourceHttpRequestHandler]
2016-06-23 16:27:15 [org.springframework.web.servlet.handler.AbstractUrlHandlerMapping:341] - Mapped URL path [/**] onto handler of type [class org.springframework.web.servlet.resource.ResourceHttpRequestHandler]
2016-06-23 16:27:15 [org.springframework.web.servlet.handler.AbstractUrlHandlerMapping:341] - Mapped URL path [/**/favicon.ico] onto handler of type [class org.springframework.web.servlet.resource.ResourceHttpRequestHandler]
2016-06-23 16:27:16 [org.springframework.web.servlet.handler.AbstractHandlerMethodMapping$MappingRegistry:534] - Mapped "{[/health || /health.json],produces=[application/json]}" onto public java.lang.Object org.springframework.boot.actuate.endpoint.mvc.HealthMvcEndpoint.invoke(java.security.Principal)
2016-06-23 16:27:16 [org.springframework.web.servlet.handler.AbstractHandlerMethodMapping$MappingRegistry:534] - Mapped "{[/mappings || /mappings.json],methods=[GET],produces=[application/json]}" onto public java.lang.Object org.springframework.boot.actuate.endpoint.mvc.EndpointMvcAdapter.invoke()
2016-06-23 16:27:16 [org.springframework.web.servlet.handler.AbstractHandlerMethodMapping$MappingRegistry:534] - Mapped "{[/info || /info.json],methods=[GET],produces=[application/json]}" onto public java.lang.Object org.springframework.boot.actuate.endpoint.mvc.EndpointMvcAdapter.invoke()
2016-06-23 16:27:16 [org.springframework.web.servlet.handler.AbstractHandlerMethodMapping$MappingRegistry:534] - Mapped "{[/configprops || /configprops.json],methods=[GET],produces=[application/json]}" onto public java.lang.Object org.springframework.boot.actuate.endpoint.mvc.EndpointMvcAdapter.invoke()
2016-06-23 16:27:16 [org.springframework.web.servlet.handler.AbstractHandlerMethodMapping$MappingRegistry:534] - Mapped "{[/env/{name:.*}],methods=[GET],produces=[application/json]}" onto public java.lang.Object org.springframework.boot.actuate.endpoint.mvc.EnvironmentMvcEndpoint.value(java.lang.String)
2016-06-23 16:27:16 [org.springframework.web.servlet.handler.AbstractHandlerMethodMapping$MappingRegistry:534] - Mapped "{[/env || /env.json],methods=[GET],produces=[application/json]}" onto public java.lang.Object org.springframework.boot.actuate.endpoint.mvc.EndpointMvcAdapter.invoke()
2016-06-23 16:27:16 [org.springframework.web.servlet.handler.AbstractHandlerMethodMapping$MappingRegistry:534] - Mapped "{[/metrics/{name:.*}],methods=[GET],produces=[application/json]}" onto public java.lang.Object org.springframework.boot.actuate.endpoint.mvc.MetricsMvcEndpoint.value(java.lang.String)
2016-06-23 16:27:16 [org.springframework.web.servlet.handler.AbstractHandlerMethodMapping$MappingRegistry:534] - Mapped "{[/metrics || /metrics.json],methods=[GET],produces=[application/json]}" onto public java.lang.Object org.springframework.boot.actuate.endpoint.mvc.EndpointMvcAdapter.invoke()
2016-06-23 16:27:16 [org.springframework.web.servlet.handler.AbstractHandlerMethodMapping$MappingRegistry:534] - Mapped "{[/dump || /dump.json],methods=[GET],produces=[application/json]}" onto public java.lang.Object org.springframework.boot.actuate.endpoint.mvc.EndpointMvcAdapter.invoke()
2016-06-23 16:27:16 [org.springframework.web.servlet.handler.AbstractHandlerMethodMapping$MappingRegistry:534] - Mapped "{[/beans || /beans.json],methods=[GET],produces=[application/json]}" onto public java.lang.Object org.springframework.boot.actuate.endpoint.mvc.EndpointMvcAdapter.invoke()
2016-06-23 16:27:16 [org.springframework.web.servlet.handler.AbstractHandlerMethodMapping$MappingRegistry:534] - Mapped "{[/trace || /trace.json],methods=[GET],produces=[application/json]}" onto public java.lang.Object org.springframework.boot.actuate.endpoint.mvc.EndpointMvcAdapter.invoke()
2016-06-23 16:27:16 [org.springframework.web.servlet.handler.AbstractHandlerMethodMapping$MappingRegistry:534] - Mapped "{[/autoconfig || /autoconfig.json],methods=[GET],produces=[application/json]}" onto public java.lang.Object org.springframework.boot.actuate.endpoint.mvc.EndpointMvcAdapter.invoke()
2016-06-23 16:27:16 [org.springframework.jmx.export.MBeanExporter:431] - Registering beans for JMX exposure on startup
2016-06-23 16:27:16 [org.springframework.jmx.export.MBeanExporter:431] - Registering beans for JMX exposure on startup
2016-06-23 16:27:16 [org.springframework.context.support.DefaultLifecycleProcessor$LifecycleGroup:341] - Starting beans in phase 0
2016-06-23 16:27:16 [org.springframework.jmx.export.MBeanExporter:674] - Located managed bean 'requestMappingEndpoint': registering with JMX server as MBean [org.springframework.boot:type=Endpoint,name=requestMappingEndpoint]
2016-06-23 16:27:16 [org.springframework.jmx.export.MBeanExporter:674] - Located managed bean 'environmentEndpoint': registering with JMX server as MBean [org.springframework.boot:type=Endpoint,name=environmentEndpoint]
2016-06-23 16:27:16 [org.springframework.jmx.export.MBeanExporter:674] - Located managed bean 'healthEndpoint': registering with JMX server as MBean [org.springframework.boot:type=Endpoint,name=healthEndpoint]
2016-06-23 16:27:16 [org.springframework.jmx.export.MBeanExporter:674] - Located managed bean 'beansEndpoint': registering with JMX server as MBean [org.springframework.boot:type=Endpoint,name=beansEndpoint]
2016-06-23 16:27:16 [org.springframework.jmx.export.MBeanExporter:674] - Located managed bean 'infoEndpoint': registering with JMX server as MBean [org.springframework.boot:type=Endpoint,name=infoEndpoint]
2016-06-23 16:27:16 [org.springframework.jmx.export.MBeanExporter:674] - Located managed bean 'metricsEndpoint': registering with JMX server as MBean [org.springframework.boot:type=Endpoint,name=metricsEndpoint]
2016-06-23 16:27:16 [org.springframework.jmx.export.MBeanExporter:674] - Located managed bean 'traceEndpoint': registering with JMX server as MBean [org.springframework.boot:type=Endpoint,name=traceEndpoint]
2016-06-23 16:27:16 [org.springframework.jmx.export.MBeanExporter:674] - Located managed bean 'dumpEndpoint': registering with JMX server as MBean [org.springframework.boot:type=Endpoint,name=dumpEndpoint]
2016-06-23 16:27:16 [org.springframework.jmx.export.MBeanExporter:674] - Located managed bean 'autoConfigurationReportEndpoint': registering with JMX server as MBean [org.springframework.boot:type=Endpoint,name=autoConfigurationReportEndpoint]
2016-06-23 16:27:16 [org.springframework.jmx.export.MBeanExporter:674] - Located managed bean 'configurationPropertiesReportEndpoint': registering with JMX server as MBean [org.springframework.boot:type=Endpoint,name=configurationPropertiesReportEndpoint]
2016-06-23 16:27:16 [org.apache.juli.logging.DirectJDKLog:180] - Initializing ProtocolHandler ["http-nio-9999"]
2016-06-23 16:27:16 [org.apache.juli.logging.DirectJDKLog:180] - Starting ProtocolHandler ["http-nio-9999"]
2016-06-23 16:27:16 [org.apache.juli.logging.DirectJDKLog:180] - Using a shared selector for servlet write/read
2016-06-23 16:27:16 [org.springframework.boot.context.embedded.tomcat.TomcatEmbeddedServletContainer:162] - Tomcat started on port(s): 9999 (http)
2016-06-23 16:27:16 [org.springframework.boot.StartupInfoLogger:57] - Started Application in 4.443 seconds (JVM running for 5.268)
2016-06-23 16:27:16 [colin.web.monitoring.Application:21] - 应用服务器启动成功，监听端口号是：9999
2016-06-23 16:27:28 [org.apache.juli.logging.DirectJDKLog:180] - Initializing Spring FrameworkServlet 'dispatcherServlet'
2016-06-23 16:27:28 [org.springframework.web.servlet.FrameworkServlet:487] - FrameworkServlet 'dispatcherServlet': initialization started
2016-06-23 16:27:28 [org.springframework.web.servlet.FrameworkServlet:506] - FrameworkServlet 'dispatcherServlet': initialization completed in 19 ms
2016-06-23 16:32:34 [colin.web.monitoring.Application:17] - 应用服务器启动开始
2016-06-23 16:32:34 [org.springframework.boot.StartupInfoLogger:48] - Starting Application on PC201604021529 with PID 10560 (D:\workspace\TestPlatform\target\classes started by Administrator in D:\workspace\TestPlatform)
2016-06-23 16:32:34 [org.springframework.boot.SpringApplication:666] - No active profile set, falling back to default profiles: default
2016-06-23 16:32:34 [org.springframework.context.support.AbstractApplicationContext:578] - Refreshing org.springframework.boot.context.embedded.AnnotationConfigEmbeddedWebApplicationContext@12d4bf7e: startup date [Thu Jun 23 16:32:34 CST 2016]; root of context hierarchy
2016-06-23 16:32:35 [org.hibernate.validator.internal.util.Version:30] - HV000001: Hibernate Validator 5.2.4.Final
2016-06-23 16:32:36 [org.springframework.boot.context.embedded.tomcat.TomcatEmbeddedServletContainer:81] - Tomcat initialized with port(s): 9999 (http)
2016-06-23 16:32:36 [org.apache.juli.logging.DirectJDKLog:180] - Starting service Tomcat
2016-06-23 16:32:36 [org.apache.juli.logging.DirectJDKLog:180] - Starting Servlet Engine: Apache Tomcat/8.0.33
2016-06-23 16:32:37 [org.apache.juli.logging.DirectJDKLog:180] - Initializing Spring embedded WebApplicationContext
2016-06-23 16:32:37 [org.springframework.boot.context.embedded.EmbeddedWebApplicationContext:272] - Root WebApplicationContext: initialization completed in 2055 ms
2016-06-23 16:32:37 [org.springframework.boot.context.embedded.ServletRegistrationBean:189] - Mapping servlet: 'dispatcherServlet' to [/]
2016-06-23 16:32:37 [org.springframework.boot.context.embedded.AbstractFilterRegistrationBean:258] - Mapping filter: 'metricFilter' to: [/*]
2016-06-23 16:32:37 [org.springframework.boot.context.embedded.AbstractFilterRegistrationBean:258] - Mapping filter: 'characterEncodingFilter' to: [/*]
2016-06-23 16:32:37 [org.springframework.boot.context.embedded.AbstractFilterRegistrationBean:258] - Mapping filter: 'hiddenHttpMethodFilter' to: [/*]
2016-06-23 16:32:37 [org.springframework.boot.context.embedded.AbstractFilterRegistrationBean:258] - Mapping filter: 'httpPutFormContentFilter' to: [/*]
2016-06-23 16:32:37 [org.springframework.boot.context.embedded.AbstractFilterRegistrationBean:258] - Mapping filter: 'requestContextFilter' to: [/*]
2016-06-23 16:32:37 [org.springframework.boot.context.embedded.AbstractFilterRegistrationBean:258] - Mapping filter: 'webRequestLoggingFilter' to: [/*]
2016-06-23 16:32:37 [org.springframework.boot.context.embedded.AbstractFilterRegistrationBean:258] - Mapping filter: 'applicationContextIdFilter' to: [/*]
2016-06-23 16:32:37 [org.springframework.web.servlet.mvc.method.annotation.RequestMappingHandlerAdapter:539] - Looking for @ControllerAdvice: org.springframework.boot.context.embedded.AnnotationConfigEmbeddedWebApplicationContext@12d4bf7e: startup date [Thu Jun 23 16:32:34 CST 2016]; root of context hierarchy
2016-06-23 16:32:37 [org.springframework.web.servlet.handler.AbstractHandlerMethodMapping$MappingRegistry:534] - Mapped "{[/dashboard/index],methods=[GET]}" onto public org.springframework.web.servlet.ModelAndView colin.web.monitoring.controller.DashboardController.showDashBoardHtml()
2016-06-23 16:32:37 [org.springframework.web.servlet.handler.AbstractHandlerMethodMapping$MappingRegistry:534] - Mapped "{[/openfire/client/login],methods=[POST]}" onto public java.lang.String colin.web.monitoring.controller.openfire.OpenfireClientLogin.userOpenfireLogin(java.lang.String,java.lang.String)
2016-06-23 16:32:37 [org.springframework.web.servlet.handler.AbstractHandlerMethodMapping$MappingRegistry:534] - Mapped "{[/openfire/client/login],methods=[GET]}" onto public java.lang.String colin.web.monitoring.controller.openfire.OpenfireClientLogin.ofUserLogin()
2016-06-23 16:32:37 [org.springframework.web.servlet.handler.AbstractHandlerMethodMapping$MappingRegistry:534] - Mapped "{[/error]}" onto public org.springframework.http.ResponseEntity<java.util.Map<java.lang.String, java.lang.Object>> org.springframework.boot.autoconfigure.web.BasicErrorController.error(javax.servlet.http.HttpServletRequest)
2016-06-23 16:32:37 [org.springframework.web.servlet.handler.AbstractHandlerMethodMapping$MappingRegistry:534] - Mapped "{[/error],produces=[text/html]}" onto public org.springframework.web.servlet.ModelAndView org.springframework.boot.autoconfigure.web.BasicErrorController.errorHtml(javax.servlet.http.HttpServletRequest,javax.servlet.http.HttpServletResponse)
2016-06-23 16:32:37 [org.springframework.web.servlet.handler.AbstractUrlHandlerMapping:341] - Mapped URL path [/webjars/**] onto handler of type [class org.springframework.web.servlet.resource.ResourceHttpRequestHandler]
2016-06-23 16:32:37 [org.springframework.web.servlet.handler.AbstractUrlHandlerMapping:341] - Mapped URL path [/**] onto handler of type [class org.springframework.web.servlet.resource.ResourceHttpRequestHandler]
2016-06-23 16:32:37 [org.springframework.web.servlet.handler.AbstractUrlHandlerMapping:341] - Mapped URL path [/**/favicon.ico] onto handler of type [class org.springframework.web.servlet.resource.ResourceHttpRequestHandler]
2016-06-23 16:32:38 [org.springframework.web.servlet.handler.AbstractHandlerMethodMapping$MappingRegistry:534] - Mapped "{[/health || /health.json],produces=[application/json]}" onto public java.lang.Object org.springframework.boot.actuate.endpoint.mvc.HealthMvcEndpoint.invoke(java.security.Principal)
2016-06-23 16:32:38 [org.springframework.web.servlet.handler.AbstractHandlerMethodMapping$MappingRegistry:534] - Mapped "{[/mappings || /mappings.json],methods=[GET],produces=[application/json]}" onto public java.lang.Object org.springframework.boot.actuate.endpoint.mvc.EndpointMvcAdapter.invoke()
2016-06-23 16:32:38 [org.springframework.web.servlet.handler.AbstractHandlerMethodMapping$MappingRegistry:534] - Mapped "{[/info || /info.json],methods=[GET],produces=[application/json]}" onto public java.lang.Object org.springframework.boot.actuate.endpoint.mvc.EndpointMvcAdapter.invoke()
2016-06-23 16:32:38 [org.springframework.web.servlet.handler.AbstractHandlerMethodMapping$MappingRegistry:534] - Mapped "{[/configprops || /configprops.json],methods=[GET],produces=[application/json]}" onto public java.lang.Object org.springframework.boot.actuate.endpoint.mvc.EndpointMvcAdapter.invoke()
2016-06-23 16:32:38 [org.springframework.web.servlet.handler.AbstractHandlerMethodMapping$MappingRegistry:534] - Mapped "{[/env/{name:.*}],methods=[GET],produces=[application/json]}" onto public java.lang.Object org.springframework.boot.actuate.endpoint.mvc.EnvironmentMvcEndpoint.value(java.lang.String)
2016-06-23 16:32:38 [org.springframework.web.servlet.handler.AbstractHandlerMethodMapping$MappingRegistry:534] - Mapped "{[/env || /env.json],methods=[GET],produces=[application/json]}" onto public java.lang.Object org.springframework.boot.actuate.endpoint.mvc.EndpointMvcAdapter.invoke()
2016-06-23 16:32:38 [org.springframework.web.servlet.handler.AbstractHandlerMethodMapping$MappingRegistry:534] - Mapped "{[/metrics/{name:.*}],methods=[GET],produces=[application/json]}" onto public java.lang.Object org.springframework.boot.actuate.endpoint.mvc.MetricsMvcEndpoint.value(java.lang.String)
2016-06-23 16:32:38 [org.springframework.web.servlet.handler.AbstractHandlerMethodMapping$MappingRegistry:534] - Mapped "{[/metrics || /metrics.json],methods=[GET],produces=[application/json]}" onto public java.lang.Object org.springframework.boot.actuate.endpoint.mvc.EndpointMvcAdapter.invoke()
2016-06-23 16:32:38 [org.springframework.web.servlet.handler.AbstractHandlerMethodMapping$MappingRegistry:534] - Mapped "{[/dump || /dump.json],methods=[GET],produces=[application/json]}" onto public java.lang.Object org.springframework.boot.actuate.endpoint.mvc.EndpointMvcAdapter.invoke()
2016-06-23 16:32:38 [org.springframework.web.servlet.handler.AbstractHandlerMethodMapping$MappingRegistry:534] - Mapped "{[/beans || /beans.json],methods=[GET],produces=[application/json]}" onto public java.lang.Object org.springframework.boot.actuate.endpoint.mvc.EndpointMvcAdapter.invoke()
2016-06-23 16:32:38 [org.springframework.web.servlet.handler.AbstractHandlerMethodMapping$MappingRegistry:534] - Mapped "{[/trace || /trace.json],methods=[GET],produces=[application/json]}" onto public java.lang.Object org.springframework.boot.actuate.endpoint.mvc.EndpointMvcAdapter.invoke()
2016-06-23 16:32:38 [org.springframework.web.servlet.handler.AbstractHandlerMethodMapping$MappingRegistry:534] - Mapped "{[/autoconfig || /autoconfig.json],methods=[GET],produces=[application/json]}" onto public java.lang.Object org.springframework.boot.actuate.endpoint.mvc.EndpointMvcAdapter.invoke()
2016-06-23 16:32:38 [org.springframework.jmx.export.MBeanExporter:431] - Registering beans for JMX exposure on startup
2016-06-23 16:32:38 [org.springframework.jmx.export.MBeanExporter:431] - Registering beans for JMX exposure on startup
2016-06-23 16:32:38 [org.springframework.context.support.DefaultLifecycleProcessor$LifecycleGroup:341] - Starting beans in phase 0
2016-06-23 16:32:38 [org.springframework.jmx.export.MBeanExporter:674] - Located managed bean 'requestMappingEndpoint': registering with JMX server as MBean [org.springframework.boot:type=Endpoint,name=requestMappingEndpoint]
2016-06-23 16:32:38 [org.springframework.jmx.export.MBeanExporter:674] - Located managed bean 'environmentEndpoint': registering with JMX server as MBean [org.springframework.boot:type=Endpoint,name=environmentEndpoint]
2016-06-23 16:32:38 [org.springframework.jmx.export.MBeanExporter:674] - Located managed bean 'healthEndpoint': registering with JMX server as MBean [org.springframework.boot:type=Endpoint,name=healthEndpoint]
2016-06-23 16:32:38 [org.springframework.jmx.export.MBeanExporter:674] - Located managed bean 'beansEndpoint': registering with JMX server as MBean [org.springframework.boot:type=Endpoint,name=beansEndpoint]
2016-06-23 16:32:38 [org.springframework.jmx.export.MBeanExporter:674] - Located managed bean 'infoEndpoint': registering with JMX server as MBean [org.springframework.boot:type=Endpoint,name=infoEndpoint]
2016-06-23 16:32:38 [org.springframework.jmx.export.MBeanExporter:674] - Located managed bean 'metricsEndpoint': registering with JMX server as MBean [org.springframework.boot:type=Endpoint,name=metricsEndpoint]
2016-06-23 16:32:38 [org.springframework.jmx.export.MBeanExporter:674] - Located managed bean 'traceEndpoint': registering with JMX server as MBean [org.springframework.boot:type=Endpoint,name=traceEndpoint]
2016-06-23 16:32:38 [org.springframework.jmx.export.MBeanExporter:674] - Located managed bean 'dumpEndpoint': registering with JMX server as MBean [org.springframework.boot:type=Endpoint,name=dumpEndpoint]
2016-06-23 16:32:38 [org.springframework.jmx.export.MBeanExporter:674] - Located managed bean 'autoConfigurationReportEndpoint': registering with JMX server as MBean [org.springframework.boot:type=Endpoint,name=autoConfigurationReportEndpoint]
2016-06-23 16:32:38 [org.springframework.jmx.export.MBeanExporter:674] - Located managed bean 'configurationPropertiesReportEndpoint': registering with JMX server as MBean [org.springframework.boot:type=Endpoint,name=configurationPropertiesReportEndpoint]
2016-06-23 16:32:38 [org.apache.juli.logging.DirectJDKLog:180] - Initializing ProtocolHandler ["http-nio-9999"]
2016-06-23 16:32:38 [org.apache.juli.logging.DirectJDKLog:180] - Starting ProtocolHandler ["http-nio-9999"]
2016-06-23 16:32:38 [org.apache.juli.logging.DirectJDKLog:180] - Using a shared selector for servlet write/read
2016-06-23 16:32:38 [org.springframework.boot.context.embedded.tomcat.TomcatEmbeddedServletContainer:162] - Tomcat started on port(s): 9999 (http)
2016-06-23 16:32:38 [org.springframework.boot.StartupInfoLogger:57] - Started Application in 4.041 seconds (JVM running for 4.677)
2016-06-23 16:32:38 [colin.web.monitoring.Application:21] - 应用服务器启动成功，监听端口号是：9999
2016-06-23 16:32:43 [org.apache.juli.logging.DirectJDKLog:180] - Initializing Spring FrameworkServlet 'dispatcherServlet'
2016-06-23 16:32:43 [org.springframework.web.servlet.FrameworkServlet:487] - FrameworkServlet 'dispatcherServlet': initialization started
2016-06-23 16:32:43 [org.springframework.web.servlet.FrameworkServlet:506] - FrameworkServlet 'dispatcherServlet': initialization completed in 27 ms
2016-06-23 16:33:52 [colin.web.monitoring.Application:17] - 应用服务器启动开始
2016-06-23 16:33:52 [org.springframework.boot.StartupInfoLogger:48] - Starting Application on PC201604021529 with PID 10888 (D:\workspace\TestPlatform\target\classes started by Administrator in D:\workspace\TestPlatform)
2016-06-23 16:33:52 [org.springframework.boot.SpringApplication:666] - No active profile set, falling back to default profiles: default
2016-06-23 16:33:53 [org.springframework.context.support.AbstractApplicationContext:578] - Refreshing org.springframework.boot.context.embedded.AnnotationConfigEmbeddedWebApplicationContext@69ee81fc: startup date [Thu Jun 23 16:33:53 CST 2016]; root of context hierarchy
2016-06-23 16:33:53 [org.hibernate.validator.internal.util.Version:30] - HV000001: Hibernate Validator 5.2.4.Final
2016-06-23 16:33:55 [org.springframework.boot.context.embedded.tomcat.TomcatEmbeddedServletContainer:81] - Tomcat initialized with port(s): 9999 (http)
2016-06-23 16:33:55 [org.apache.juli.logging.DirectJDKLog:180] - Starting service Tomcat
2016-06-23 16:33:55 [org.apache.juli.logging.DirectJDKLog:180] - Starting Servlet Engine: Apache Tomcat/8.0.33
2016-06-23 16:33:55 [org.apache.juli.logging.DirectJDKLog:180] - Initializing Spring embedded WebApplicationContext
2016-06-23 16:33:55 [org.springframework.boot.context.embedded.EmbeddedWebApplicationContext:272] - Root WebApplicationContext: initialization completed in 2489 ms
2016-06-23 16:33:56 [org.springframework.boot.context.embedded.ServletRegistrationBean:189] - Mapping servlet: 'dispatcherServlet' to [/]
2016-06-23 16:33:56 [org.springframework.boot.context.embedded.AbstractFilterRegistrationBean:258] - Mapping filter: 'metricFilter' to: [/*]
2016-06-23 16:33:56 [org.springframework.boot.context.embedded.AbstractFilterRegistrationBean:258] - Mapping filter: 'characterEncodingFilter' to: [/*]
2016-06-23 16:33:56 [org.springframework.boot.context.embedded.AbstractFilterRegistrationBean:258] - Mapping filter: 'hiddenHttpMethodFilter' to: [/*]
2016-06-23 16:33:56 [org.springframework.boot.context.embedded.AbstractFilterRegistrationBean:258] - Mapping filter: 'httpPutFormContentFilter' to: [/*]
2016-06-23 16:33:56 [org.springframework.boot.context.embedded.AbstractFilterRegistrationBean:258] - Mapping filter: 'requestContextFilter' to: [/*]
2016-06-23 16:33:56 [org.springframework.boot.context.embedded.AbstractFilterRegistrationBean:258] - Mapping filter: 'webRequestLoggingFilter' to: [/*]
2016-06-23 16:33:56 [org.springframework.boot.context.embedded.AbstractFilterRegistrationBean:258] - Mapping filter: 'applicationContextIdFilter' to: [/*]
2016-06-23 16:33:56 [org.springframework.web.servlet.mvc.method.annotation.RequestMappingHandlerAdapter:539] - Looking for @ControllerAdvice: org.springframework.boot.context.embedded.AnnotationConfigEmbeddedWebApplicationContext@69ee81fc: startup date [Thu Jun 23 16:33:53 CST 2016]; root of context hierarchy
2016-06-23 16:33:56 [org.springframework.web.servlet.handler.AbstractHandlerMethodMapping$MappingRegistry:534] - Mapped "{[/dashboard/index],methods=[GET]}" onto public org.springframework.web.servlet.ModelAndView colin.web.monitoring.controller.DashboardController.showDashBoardHtml()
2016-06-23 16:33:56 [org.springframework.web.servlet.handler.AbstractHandlerMethodMapping$MappingRegistry:534] - Mapped "{[/openfire/client/login],methods=[GET]}" onto public java.lang.String colin.web.monitoring.controller.openfire.OpenfireClientLogin.ofUserLogin()
2016-06-23 16:33:56 [org.springframework.web.servlet.handler.AbstractHandlerMethodMapping$MappingRegistry:534] - Mapped "{[/openfire/client/login],methods=[POST]}" onto public java.lang.String colin.web.monitoring.controller.openfire.OpenfireClientLogin.userOpenfireLogin(java.lang.String,java.lang.String)
2016-06-23 16:33:56 [org.springframework.web.servlet.handler.AbstractHandlerMethodMapping$MappingRegistry:534] - Mapped "{[/error]}" onto public org.springframework.http.ResponseEntity<java.util.Map<java.lang.String, java.lang.Object>> org.springframework.boot.autoconfigure.web.BasicErrorController.error(javax.servlet.http.HttpServletRequest)
2016-06-23 16:33:56 [org.springframework.web.servlet.handler.AbstractHandlerMethodMapping$MappingRegistry:534] - Mapped "{[/error],produces=[text/html]}" onto public org.springframework.web.servlet.ModelAndView org.springframework.boot.autoconfigure.web.BasicErrorController.errorHtml(javax.servlet.http.HttpServletRequest,javax.servlet.http.HttpServletResponse)
2016-06-23 16:33:56 [org.springframework.web.servlet.handler.AbstractUrlHandlerMapping:341] - Mapped URL path [/webjars/**] onto handler of type [class org.springframework.web.servlet.resource.ResourceHttpRequestHandler]
2016-06-23 16:33:56 [org.springframework.web.servlet.handler.AbstractUrlHandlerMapping:341] - Mapped URL path [/**] onto handler of type [class org.springframework.web.servlet.resource.ResourceHttpRequestHandler]
2016-06-23 16:33:56 [org.springframework.web.servlet.handler.AbstractUrlHandlerMapping:341] - Mapped URL path [/**/favicon.ico] onto handler of type [class org.springframework.web.servlet.resource.ResourceHttpRequestHandler]
2016-06-23 16:33:57 [org.springframework.web.servlet.handler.AbstractHandlerMethodMapping$MappingRegistry:534] - Mapped "{[/beans || /beans.json],methods=[GET],produces=[application/json]}" onto public java.lang.Object org.springframework.boot.actuate.endpoint.mvc.EndpointMvcAdapter.invoke()
2016-06-23 16:33:57 [org.springframework.web.servlet.handler.AbstractHandlerMethodMapping$MappingRegistry:534] - Mapped "{[/info || /info.json],methods=[GET],produces=[application/json]}" onto public java.lang.Object org.springframework.boot.actuate.endpoint.mvc.EndpointMvcAdapter.invoke()
2016-06-23 16:33:57 [org.springframework.web.servlet.handler.AbstractHandlerMethodMapping$MappingRegistry:534] - Mapped "{[/trace || /trace.json],methods=[GET],produces=[application/json]}" onto public java.lang.Object org.springframework.boot.actuate.endpoint.mvc.EndpointMvcAdapter.invoke()
2016-06-23 16:33:57 [org.springframework.web.servlet.handler.AbstractHandlerMethodMapping$MappingRegistry:534] - Mapped "{[/mappings || /mappings.json],methods=[GET],produces=[application/json]}" onto public java.lang.Object org.springframework.boot.actuate.endpoint.mvc.EndpointMvcAdapter.invoke()
2016-06-23 16:33:57 [org.springframework.web.servlet.handler.AbstractHandlerMethodMapping$MappingRegistry:534] - Mapped "{[/health || /health.json],produces=[application/json]}" onto public java.lang.Object org.springframework.boot.actuate.endpoint.mvc.HealthMvcEndpoint.invoke(java.security.Principal)
2016-06-23 16:33:57 [org.springframework.web.servlet.handler.AbstractHandlerMethodMapping$MappingRegistry:534] - Mapped "{[/env/{name:.*}],methods=[GET],produces=[application/json]}" onto public java.lang.Object org.springframework.boot.actuate.endpoint.mvc.EnvironmentMvcEndpoint.value(java.lang.String)
2016-06-23 16:33:57 [org.springframework.web.servlet.handler.AbstractHandlerMethodMapping$MappingRegistry:534] - Mapped "{[/env || /env.json],methods=[GET],produces=[application/json]}" onto public java.lang.Object org.springframework.boot.actuate.endpoint.mvc.EndpointMvcAdapter.invoke()
2016-06-23 16:33:57 [org.springframework.web.servlet.handler.AbstractHandlerMethodMapping$MappingRegistry:534] - Mapped "{[/autoconfig || /autoconfig.json],methods=[GET],produces=[application/json]}" onto public java.lang.Object org.springframework.boot.actuate.endpoint.mvc.EndpointMvcAdapter.invoke()
2016-06-23 16:33:57 [org.springframework.web.servlet.handler.AbstractHandlerMethodMapping$MappingRegistry:534] - Mapped "{[/metrics/{name:.*}],methods=[GET],produces=[application/json]}" onto public java.lang.Object org.springframework.boot.actuate.endpoint.mvc.MetricsMvcEndpoint.value(java.lang.String)
2016-06-23 16:33:57 [org.springframework.web.servlet.handler.AbstractHandlerMethodMapping$MappingRegistry:534] - Mapped "{[/metrics || /metrics.json],methods=[GET],produces=[application/json]}" onto public java.lang.Object org.springframework.boot.actuate.endpoint.mvc.EndpointMvcAdapter.invoke()
2016-06-23 16:33:57 [org.springframework.web.servlet.handler.AbstractHandlerMethodMapping$MappingRegistry:534] - Mapped "{[/configprops || /configprops.json],methods=[GET],produces=[application/json]}" onto public java.lang.Object org.springframework.boot.actuate.endpoint.mvc.EndpointMvcAdapter.invoke()
2016-06-23 16:33:57 [org.springframework.web.servlet.handler.AbstractHandlerMethodMapping$MappingRegistry:534] - Mapped "{[/dump || /dump.json],methods=[GET],produces=[application/json]}" onto public java.lang.Object org.springframework.boot.actuate.endpoint.mvc.EndpointMvcAdapter.invoke()
2016-06-23 16:33:57 [org.springframework.jmx.export.MBeanExporter:431] - Registering beans for JMX exposure on startup
2016-06-23 16:33:57 [org.springframework.jmx.export.MBeanExporter:431] - Registering beans for JMX exposure on startup
2016-06-23 16:33:57 [org.springframework.context.support.DefaultLifecycleProcessor$LifecycleGroup:341] - Starting beans in phase 0
2016-06-23 16:33:57 [org.springframework.jmx.export.MBeanExporter:674] - Located managed bean 'requestMappingEndpoint': registering with JMX server as MBean [org.springframework.boot:type=Endpoint,name=requestMappingEndpoint]
2016-06-23 16:33:57 [org.springframework.jmx.export.MBeanExporter:674] - Located managed bean 'environmentEndpoint': registering with JMX server as MBean [org.springframework.boot:type=Endpoint,name=environmentEndpoint]
2016-06-23 16:33:57 [org.springframework.jmx.export.MBeanExporter:674] - Located managed bean 'healthEndpoint': registering with JMX server as MBean [org.springframework.boot:type=Endpoint,name=healthEndpoint]
2016-06-23 16:33:57 [org.springframework.jmx.export.MBeanExporter:674] - Located managed bean 'beansEndpoint': registering with JMX server as MBean [org.springframework.boot:type=Endpoint,name=beansEndpoint]
2016-06-23 16:33:57 [org.springframework.jmx.export.MBeanExporter:674] - Located managed bean 'infoEndpoint': registering with JMX server as MBean [org.springframework.boot:type=Endpoint,name=infoEndpoint]
2016-06-23 16:33:57 [org.springframework.jmx.export.MBeanExporter:674] - Located managed bean 'metricsEndpoint': registering with JMX server as MBean [org.springframework.boot:type=Endpoint,name=metricsEndpoint]
2016-06-23 16:33:57 [org.springframework.jmx.export.MBeanExporter:674] - Located managed bean 'traceEndpoint': registering with JMX server as MBean [org.springframework.boot:type=Endpoint,name=traceEndpoint]
2016-06-23 16:33:57 [org.springframework.jmx.export.MBeanExporter:674] - Located managed bean 'dumpEndpoint': registering with JMX server as MBean [org.springframework.boot:type=Endpoint,name=dumpEndpoint]
2016-06-23 16:33:57 [org.springframework.jmx.export.MBeanExporter:674] - Located managed bean 'autoConfigurationReportEndpoint': registering with JMX server as MBean [org.springframework.boot:type=Endpoint,name=autoConfigurationReportEndpoint]
2016-06-23 16:33:57 [org.springframework.jmx.export.MBeanExporter:674] - Located managed bean 'configurationPropertiesReportEndpoint': registering with JMX server as MBean [org.springframework.boot:type=Endpoint,name=configurationPropertiesReportEndpoint]
2016-06-23 16:33:57 [org.apache.juli.logging.DirectJDKLog:180] - Initializing ProtocolHandler ["http-nio-9999"]
2016-06-23 16:33:57 [org.apache.juli.logging.DirectJDKLog:180] - Starting ProtocolHandler ["http-nio-9999"]
2016-06-23 16:33:57 [org.apache.juli.logging.DirectJDKLog:180] - Using a shared selector for servlet write/read
2016-06-23 16:33:57 [org.springframework.boot.context.embedded.tomcat.TomcatEmbeddedServletContainer:162] - Tomcat started on port(s): 9999 (http)
2016-06-23 16:33:57 [org.springframework.boot.StartupInfoLogger:57] - Started Application in 5.244 seconds (JVM running for 6.009)
2016-06-23 16:33:57 [colin.web.monitoring.Application:21] - 应用服务器启动成功，监听端口号是：9999
2016-06-23 16:34:02 [org.apache.juli.logging.DirectJDKLog:180] - Initializing Spring FrameworkServlet 'dispatcherServlet'
2016-06-23 16:34:02 [org.springframework.web.servlet.FrameworkServlet:487] - FrameworkServlet 'dispatcherServlet': initialization started
2016-06-23 16:34:02 [org.springframework.web.servlet.FrameworkServlet:506] - FrameworkServlet 'dispatcherServlet': initialization completed in 26 ms
2016-06-23 16:35:09 [colin.web.monitoring.Application:17] - 应用服务器启动开始
2016-06-23 16:35:10 [org.springframework.boot.StartupInfoLogger:48] - Starting Application on PC201604021529 with PID 10688 (D:\workspace\TestPlatform\target\classes started by Administrator in D:\workspace\TestPlatform)
2016-06-23 16:35:10 [org.springframework.boot.SpringApplication:666] - No active profile set, falling back to default profiles: default
2016-06-23 16:35:10 [org.springframework.context.support.AbstractApplicationContext:578] - Refreshing org.springframework.boot.context.embedded.AnnotationConfigEmbeddedWebApplicationContext@12d4bf7e: startup date [Thu Jun 23 16:35:10 CST 2016]; root of context hierarchy
2016-06-23 16:35:10 [org.hibernate.validator.internal.util.Version:30] - HV000001: Hibernate Validator 5.2.4.Final
2016-06-23 16:35:13 [colin.web.monitoring.Application:17] - 应用服务器启动开始
2016-06-23 16:35:13 [org.springframework.boot.StartupInfoLogger:48] - Starting Application on PC201604021529 with PID 10836 (D:\workspace\TestPlatform\target\classes started by Administrator in D:\workspace\TestPlatform)
2016-06-23 16:35:13 [org.springframework.boot.SpringApplication:666] - No active profile set, falling back to default profiles: default
2016-06-23 16:35:13 [org.springframework.context.support.AbstractApplicationContext:578] - Refreshing org.springframework.boot.context.embedded.AnnotationConfigEmbeddedWebApplicationContext@6e2aa843: startup date [Thu Jun 23 16:35:13 CST 2016]; root of context hierarchy
2016-06-23 16:35:14 [org.hibernate.validator.internal.util.Version:30] - HV000001: Hibernate Validator 5.2.4.Final
2016-06-23 16:35:16 [org.springframework.boot.context.embedded.tomcat.TomcatEmbeddedServletContainer:81] - Tomcat initialized with port(s): 9999 (http)
2016-06-23 16:35:16 [org.apache.juli.logging.DirectJDKLog:180] - Starting service Tomcat
2016-06-23 16:35:16 [org.apache.juli.logging.DirectJDKLog:180] - Starting Servlet Engine: Apache Tomcat/8.0.33
2016-06-23 16:35:16 [org.apache.juli.logging.DirectJDKLog:180] - Initializing Spring embedded WebApplicationContext
2016-06-23 16:35:16 [org.springframework.boot.context.embedded.EmbeddedWebApplicationContext:272] - Root WebApplicationContext: initialization completed in 2532 ms
2016-06-23 16:35:17 [org.springframework.boot.context.embedded.ServletRegistrationBean:189] - Mapping servlet: 'dispatcherServlet' to [/]
2016-06-23 16:35:17 [org.springframework.boot.context.embedded.AbstractFilterRegistrationBean:258] - Mapping filter: 'metricFilter' to: [/*]
2016-06-23 16:35:17 [org.springframework.boot.context.embedded.AbstractFilterRegistrationBean:258] - Mapping filter: 'characterEncodingFilter' to: [/*]
2016-06-23 16:35:17 [org.springframework.boot.context.embedded.AbstractFilterRegistrationBean:258] - Mapping filter: 'hiddenHttpMethodFilter' to: [/*]
2016-06-23 16:35:17 [org.springframework.boot.context.embedded.AbstractFilterRegistrationBean:258] - Mapping filter: 'httpPutFormContentFilter' to: [/*]
2016-06-23 16:35:17 [org.springframework.boot.context.embedded.AbstractFilterRegistrationBean:258] - Mapping filter: 'requestContextFilter' to: [/*]
2016-06-23 16:35:17 [org.springframework.boot.context.embedded.AbstractFilterRegistrationBean:258] - Mapping filter: 'webRequestLoggingFilter' to: [/*]
2016-06-23 16:35:17 [org.springframework.boot.context.embedded.AbstractFilterRegistrationBean:258] - Mapping filter: 'applicationContextIdFilter' to: [/*]
2016-06-23 16:35:17 [org.springframework.web.servlet.mvc.method.annotation.RequestMappingHandlerAdapter:539] - Looking for @ControllerAdvice: org.springframework.boot.context.embedded.AnnotationConfigEmbeddedWebApplicationContext@6e2aa843: startup date [Thu Jun 23 16:35:13 CST 2016]; root of context hierarchy
2016-06-23 16:35:17 [org.springframework.web.servlet.handler.AbstractHandlerMethodMapping$MappingRegistry:534] - Mapped "{[/dashboard/index],methods=[GET]}" onto public org.springframework.web.servlet.ModelAndView colin.web.monitoring.controller.DashboardController.showDashBoardHtml()
2016-06-23 16:35:17 [org.springframework.web.servlet.handler.AbstractHandlerMethodMapping$MappingRegistry:534] - Mapped "{[/openfire/client/login],methods=[GET]}" onto public java.lang.String colin.web.monitoring.controller.openfire.OpenfireClientLogin.ofUserLogin()
2016-06-23 16:35:17 [org.springframework.web.servlet.handler.AbstractHandlerMethodMapping$MappingRegistry:534] - Mapped "{[/openfire/client/login],methods=[POST]}" onto public java.lang.String colin.web.monitoring.controller.openfire.OpenfireClientLogin.userOpenfireLogin(java.lang.String,java.lang.String)
2016-06-23 16:35:17 [org.springframework.web.servlet.handler.AbstractHandlerMethodMapping$MappingRegistry:534] - Mapped "{[/error]}" onto public org.springframework.http.ResponseEntity<java.util.Map<java.lang.String, java.lang.Object>> org.springframework.boot.autoconfigure.web.BasicErrorController.error(javax.servlet.http.HttpServletRequest)
2016-06-23 16:35:17 [org.springframework.web.servlet.handler.AbstractHandlerMethodMapping$MappingRegistry:534] - Mapped "{[/error],produces=[text/html]}" onto public org.springframework.web.servlet.ModelAndView org.springframework.boot.autoconfigure.web.BasicErrorController.errorHtml(javax.servlet.http.HttpServletRequest,javax.servlet.http.HttpServletResponse)
2016-06-23 16:35:17 [org.springframework.web.servlet.handler.AbstractUrlHandlerMapping:341] - Mapped URL path [/webjars/**] onto handler of type [class org.springframework.web.servlet.resource.ResourceHttpRequestHandler]
2016-06-23 16:35:17 [org.springframework.web.servlet.handler.AbstractUrlHandlerMapping:341] - Mapped URL path [/**] onto handler of type [class org.springframework.web.servlet.resource.ResourceHttpRequestHandler]
2016-06-23 16:35:17 [org.springframework.web.servlet.handler.AbstractUrlHandlerMapping:341] - Mapped URL path [/**/favicon.ico] onto handler of type [class org.springframework.web.servlet.resource.ResourceHttpRequestHandler]
2016-06-23 16:35:18 [org.springframework.web.servlet.handler.AbstractHandlerMethodMapping$MappingRegistry:534] - Mapped "{[/env/{name:.*}],methods=[GET],produces=[application/json]}" onto public java.lang.Object org.springframework.boot.actuate.endpoint.mvc.EnvironmentMvcEndpoint.value(java.lang.String)
2016-06-23 16:35:18 [org.springframework.web.servlet.handler.AbstractHandlerMethodMapping$MappingRegistry:534] - Mapped "{[/env || /env.json],methods=[GET],produces=[application/json]}" onto public java.lang.Object org.springframework.boot.actuate.endpoint.mvc.EndpointMvcAdapter.invoke()
2016-06-23 16:35:18 [org.springframework.web.servlet.handler.AbstractHandlerMethodMapping$MappingRegistry:534] - Mapped "{[/beans || /beans.json],methods=[GET],produces=[application/json]}" onto public java.lang.Object org.springframework.boot.actuate.endpoint.mvc.EndpointMvcAdapter.invoke()
2016-06-23 16:35:18 [org.springframework.web.servlet.handler.AbstractHandlerMethodMapping$MappingRegistry:534] - Mapped "{[/info || /info.json],methods=[GET],produces=[application/json]}" onto public java.lang.Object org.springframework.boot.actuate.endpoint.mvc.EndpointMvcAdapter.invoke()
2016-06-23 16:35:18 [org.springframework.web.servlet.handler.AbstractHandlerMethodMapping$MappingRegistry:534] - Mapped "{[/health || /health.json],produces=[application/json]}" onto public java.lang.Object org.springframework.boot.actuate.endpoint.mvc.HealthMvcEndpoint.invoke(java.security.Principal)
2016-06-23 16:35:18 [org.springframework.web.servlet.handler.AbstractHandlerMethodMapping$MappingRegistry:534] - Mapped "{[/metrics/{name:.*}],methods=[GET],produces=[application/json]}" onto public java.lang.Object org.springframework.boot.actuate.endpoint.mvc.MetricsMvcEndpoint.value(java.lang.String)
2016-06-23 16:35:18 [org.springframework.web.servlet.handler.AbstractHandlerMethodMapping$MappingRegistry:534] - Mapped "{[/metrics || /metrics.json],methods=[GET],produces=[application/json]}" onto public java.lang.Object org.springframework.boot.actuate.endpoint.mvc.EndpointMvcAdapter.invoke()
2016-06-23 16:35:18 [org.springframework.web.servlet.handler.AbstractHandlerMethodMapping$MappingRegistry:534] - Mapped "{[/configprops || /configprops.json],methods=[GET],produces=[application/json]}" onto public java.lang.Object org.springframework.boot.actuate.endpoint.mvc.EndpointMvcAdapter.invoke()
2016-06-23 16:35:18 [org.springframework.web.servlet.handler.AbstractHandlerMethodMapping$MappingRegistry:534] - Mapped "{[/trace || /trace.json],methods=[GET],produces=[application/json]}" onto public java.lang.Object org.springframework.boot.actuate.endpoint.mvc.EndpointMvcAdapter.invoke()
2016-06-23 16:35:18 [org.springframework.web.servlet.handler.AbstractHandlerMethodMapping$MappingRegistry:534] - Mapped "{[/mappings || /mappings.json],methods=[GET],produces=[application/json]}" onto public java.lang.Object org.springframework.boot.actuate.endpoint.mvc.EndpointMvcAdapter.invoke()
2016-06-23 16:35:18 [org.springframework.web.servlet.handler.AbstractHandlerMethodMapping$MappingRegistry:534] - Mapped "{[/autoconfig || /autoconfig.json],methods=[GET],produces=[application/json]}" onto public java.lang.Object org.springframework.boot.actuate.endpoint.mvc.EndpointMvcAdapter.invoke()
2016-06-23 16:35:18 [org.springframework.web.servlet.handler.AbstractHandlerMethodMapping$MappingRegistry:534] - Mapped "{[/dump || /dump.json],methods=[GET],produces=[application/json]}" onto public java.lang.Object org.springframework.boot.actuate.endpoint.mvc.EndpointMvcAdapter.invoke()
2016-06-23 16:35:18 [org.springframework.jmx.export.MBeanExporter:431] - Registering beans for JMX exposure on startup
2016-06-23 16:35:18 [org.springframework.jmx.export.MBeanExporter:431] - Registering beans for JMX exposure on startup
2016-06-23 16:35:18 [org.springframework.context.support.DefaultLifecycleProcessor$LifecycleGroup:341] - Starting beans in phase 0
2016-06-23 16:35:18 [org.springframework.jmx.export.MBeanExporter:674] - Located managed bean 'requestMappingEndpoint': registering with JMX server as MBean [org.springframework.boot:type=Endpoint,name=requestMappingEndpoint]
2016-06-23 16:35:18 [org.springframework.jmx.export.MBeanExporter:674] - Located managed bean 'environmentEndpoint': registering with JMX server as MBean [org.springframework.boot:type=Endpoint,name=environmentEndpoint]
2016-06-23 16:35:18 [org.springframework.jmx.export.MBeanExporter:674] - Located managed bean 'healthEndpoint': registering with JMX server as MBean [org.springframework.boot:type=Endpoint,name=healthEndpoint]
2016-06-23 16:35:18 [org.springframework.jmx.export.MBeanExporter:674] - Located managed bean 'beansEndpoint': registering with JMX server as MBean [org.springframework.boot:type=Endpoint,name=beansEndpoint]
2016-06-23 16:35:18 [org.springframework.jmx.export.MBeanExporter:674] - Located managed bean 'infoEndpoint': registering with JMX server as MBean [org.springframework.boot:type=Endpoint,name=infoEndpoint]
2016-06-23 16:35:18 [org.springframework.jmx.export.MBeanExporter:674] - Located managed bean 'metricsEndpoint': registering with JMX server as MBean [org.springframework.boot:type=Endpoint,name=metricsEndpoint]
2016-06-23 16:35:18 [org.springframework.jmx.export.MBeanExporter:674] - Located managed bean 'traceEndpoint': registering with JMX server as MBean [org.springframework.boot:type=Endpoint,name=traceEndpoint]
2016-06-23 16:35:18 [org.springframework.jmx.export.MBeanExporter:674] - Located managed bean 'dumpEndpoint': registering with JMX server as MBean [org.springframework.boot:type=Endpoint,name=dumpEndpoint]
2016-06-23 16:35:18 [org.springframework.jmx.export.MBeanExporter:674] - Located managed bean 'autoConfigurationReportEndpoint': registering with JMX server as MBean [org.springframework.boot:type=Endpoint,name=autoConfigurationReportEndpoint]
2016-06-23 16:35:18 [org.springframework.jmx.export.MBeanExporter:674] - Located managed bean 'configurationPropertiesReportEndpoint': registering with JMX server as MBean [org.springframework.boot:type=Endpoint,name=configurationPropertiesReportEndpoint]
2016-06-23 16:35:18 [org.apache.juli.logging.DirectJDKLog:180] - Initializing ProtocolHandler ["http-nio-9999"]
2016-06-23 16:35:18 [org.apache.juli.logging.DirectJDKLog:180] - Starting ProtocolHandler ["http-nio-9999"]
2016-06-23 16:35:18 [org.apache.juli.logging.DirectJDKLog:180] - Using a shared selector for servlet write/read
2016-06-23 16:35:18 [org.springframework.boot.context.embedded.tomcat.TomcatEmbeddedServletContainer:162] - Tomcat started on port(s): 9999 (http)
2016-06-23 16:35:18 [org.springframework.boot.StartupInfoLogger:57] - Started Application in 5.352 seconds (JVM running for 6.265)
2016-06-23 16:35:18 [colin.web.monitoring.Application:21] - 应用服务器启动成功，监听端口号是：9999
2016-06-23 16:35:25 [org.apache.juli.logging.DirectJDKLog:180] - Initializing Spring FrameworkServlet 'dispatcherServlet'
2016-06-23 16:35:25 [org.springframework.web.servlet.FrameworkServlet:487] - FrameworkServlet 'dispatcherServlet': initialization started
2016-06-23 16:35:25 [org.springframework.web.servlet.FrameworkServlet:506] - FrameworkServlet 'dispatcherServlet': initialization completed in 23 ms
2016-06-23 16:36:07 [colin.web.monitoring.Application:17] - 应用服务器启动开始
2016-06-23 16:36:08 [org.springframework.boot.StartupInfoLogger:48] - Starting Application on PC201604021529 with PID 10884 (D:\workspace\TestPlatform\target\classes started by Administrator in D:\workspace\TestPlatform)
2016-06-23 16:36:08 [org.springframework.boot.SpringApplication:666] - No active profile set, falling back to default profiles: default
2016-06-23 16:36:08 [org.springframework.context.support.AbstractApplicationContext:578] - Refreshing org.springframework.boot.context.embedded.AnnotationConfigEmbeddedWebApplicationContext@12d4bf7e: startup date [Thu Jun 23 16:36:08 CST 2016]; root of context hierarchy
2016-06-23 16:36:08 [org.hibernate.validator.internal.util.Version:30] - HV000001: Hibernate Validator 5.2.4.Final
2016-06-23 16:36:09 [org.springframework.boot.context.embedded.tomcat.TomcatEmbeddedServletContainer:81] - Tomcat initialized with port(s): 9999 (http)
2016-06-23 16:36:09 [org.apache.juli.logging.DirectJDKLog:180] - Starting service Tomcat
2016-06-23 16:36:09 [org.apache.juli.logging.DirectJDKLog:180] - Starting Servlet Engine: Apache Tomcat/8.0.33
2016-06-23 16:36:10 [org.apache.juli.logging.DirectJDKLog:180] - Initializing Spring embedded WebApplicationContext
2016-06-23 16:36:10 [org.springframework.boot.context.embedded.EmbeddedWebApplicationContext:272] - Root WebApplicationContext: initialization completed in 1977 ms
2016-06-23 16:36:10 [org.springframework.boot.context.embedded.ServletRegistrationBean:189] - Mapping servlet: 'dispatcherServlet' to [/]
2016-06-23 16:36:10 [org.springframework.boot.context.embedded.AbstractFilterRegistrationBean:258] - Mapping filter: 'metricFilter' to: [/*]
2016-06-23 16:36:10 [org.springframework.boot.context.embedded.AbstractFilterRegistrationBean:258] - Mapping filter: 'characterEncodingFilter' to: [/*]
2016-06-23 16:36:10 [org.springframework.boot.context.embedded.AbstractFilterRegistrationBean:258] - Mapping filter: 'hiddenHttpMethodFilter' to: [/*]
2016-06-23 16:36:10 [org.springframework.boot.context.embedded.AbstractFilterRegistrationBean:258] - Mapping filter: 'httpPutFormContentFilter' to: [/*]
2016-06-23 16:36:10 [org.springframework.boot.context.embedded.AbstractFilterRegistrationBean:258] - Mapping filter: 'requestContextFilter' to: [/*]
2016-06-23 16:36:10 [org.springframework.boot.context.embedded.AbstractFilterRegistrationBean:258] - Mapping filter: 'webRequestLoggingFilter' to: [/*]
2016-06-23 16:36:10 [org.springframework.boot.context.embedded.AbstractFilterRegistrationBean:258] - Mapping filter: 'applicationContextIdFilter' to: [/*]
2016-06-23 16:36:10 [org.springframework.web.servlet.mvc.method.annotation.RequestMappingHandlerAdapter:539] - Looking for @ControllerAdvice: org.springframework.boot.context.embedded.AnnotationConfigEmbeddedWebApplicationContext@12d4bf7e: startup date [Thu Jun 23 16:36:08 CST 2016]; root of context hierarchy
2016-06-23 16:36:11 [org.springframework.web.servlet.handler.AbstractHandlerMethodMapping$MappingRegistry:534] - Mapped "{[/dashboard/index],methods=[GET]}" onto public org.springframework.web.servlet.ModelAndView colin.web.monitoring.controller.DashboardController.showDashBoardHtml()
2016-06-23 16:36:11 [org.springframework.web.servlet.handler.AbstractHandlerMethodMapping$MappingRegistry:534] - Mapped "{[/openfire/client/login],methods=[GET]}" onto public java.lang.String colin.web.monitoring.controller.openfire.OpenfireClientLogin.ofUserLogin()
2016-06-23 16:36:11 [org.springframework.web.servlet.handler.AbstractHandlerMethodMapping$MappingRegistry:534] - Mapped "{[/openfire/client/login],methods=[POST]}" onto public java.lang.String colin.web.monitoring.controller.openfire.OpenfireClientLogin.userOpenfireLogin(java.lang.String,java.lang.String)
2016-06-23 16:36:11 [org.springframework.web.servlet.handler.AbstractHandlerMethodMapping$MappingRegistry:534] - Mapped "{[/error]}" onto public org.springframework.http.ResponseEntity<java.util.Map<java.lang.String, java.lang.Object>> org.springframework.boot.autoconfigure.web.BasicErrorController.error(javax.servlet.http.HttpServletRequest)
2016-06-23 16:36:11 [org.springframework.web.servlet.handler.AbstractHandlerMethodMapping$MappingRegistry:534] - Mapped "{[/error],produces=[text/html]}" onto public org.springframework.web.servlet.ModelAndView org.springframework.boot.autoconfigure.web.BasicErrorController.errorHtml(javax.servlet.http.HttpServletRequest,javax.servlet.http.HttpServletResponse)
2016-06-23 16:36:11 [org.springframework.web.servlet.handler.AbstractUrlHandlerMapping:341] - Mapped URL path [/webjars/**] onto handler of type [class org.springframework.web.servlet.resource.ResourceHttpRequestHandler]
2016-06-23 16:36:11 [org.springframework.web.servlet.handler.AbstractUrlHandlerMapping:341] - Mapped URL path [/**] onto handler of type [class org.springframework.web.servlet.resource.ResourceHttpRequestHandler]
2016-06-23 16:36:11 [org.springframework.web.servlet.handler.AbstractUrlHandlerMapping:341] - Mapped URL path [/**/favicon.ico] onto handler of type [class org.springframework.web.servlet.resource.ResourceHttpRequestHandler]
2016-06-23 16:36:11 [org.springframework.web.servlet.handler.AbstractHandlerMethodMapping$MappingRegistry:534] - Mapped "{[/env/{name:.*}],methods=[GET],produces=[application/json]}" onto public java.lang.Object org.springframework.boot.actuate.endpoint.mvc.EnvironmentMvcEndpoint.value(java.lang.String)
2016-06-23 16:36:11 [org.springframework.web.servlet.handler.AbstractHandlerMethodMapping$MappingRegistry:534] - Mapped "{[/env || /env.json],methods=[GET],produces=[application/json]}" onto public java.lang.Object org.springframework.boot.actuate.endpoint.mvc.EndpointMvcAdapter.invoke()
2016-06-23 16:36:11 [org.springframework.web.servlet.handler.AbstractHandlerMethodMapping$MappingRegistry:534] - Mapped "{[/metrics/{name:.*}],methods=[GET],produces=[application/json]}" onto public java.lang.Object org.springframework.boot.actuate.endpoint.mvc.MetricsMvcEndpoint.value(java.lang.String)
2016-06-23 16:36:11 [org.springframework.web.servlet.handler.AbstractHandlerMethodMapping$MappingRegistry:534] - Mapped "{[/metrics || /metrics.json],methods=[GET],produces=[application/json]}" onto public java.lang.Object org.springframework.boot.actuate.endpoint.mvc.EndpointMvcAdapter.invoke()
2016-06-23 16:36:11 [org.springframework.web.servlet.handler.AbstractHandlerMethodMapping$MappingRegistry:534] - Mapped "{[/beans || /beans.json],methods=[GET],produces=[application/json]}" onto public java.lang.Object org.springframework.boot.actuate.endpoint.mvc.EndpointMvcAdapter.invoke()
2016-06-23 16:36:11 [org.springframework.web.servlet.handler.AbstractHandlerMethodMapping$MappingRegistry:534] - Mapped "{[/autoconfig || /autoconfig.json],methods=[GET],produces=[application/json]}" onto public java.lang.Object org.springframework.boot.actuate.endpoint.mvc.EndpointMvcAdapter.invoke()
2016-06-23 16:36:11 [org.springframework.web.servlet.handler.AbstractHandlerMethodMapping$MappingRegistry:534] - Mapped "{[/health || /health.json],produces=[application/json]}" onto public java.lang.Object org.springframework.boot.actuate.endpoint.mvc.HealthMvcEndpoint.invoke(java.security.Principal)
2016-06-23 16:36:11 [org.springframework.web.servlet.handler.AbstractHandlerMethodMapping$MappingRegistry:534] - Mapped "{[/trace || /trace.json],methods=[GET],produces=[application/json]}" onto public java.lang.Object org.springframework.boot.actuate.endpoint.mvc.EndpointMvcAdapter.invoke()
2016-06-23 16:36:11 [org.springframework.web.servlet.handler.AbstractHandlerMethodMapping$MappingRegistry:534] - Mapped "{[/mappings || /mappings.json],methods=[GET],produces=[application/json]}" onto public java.lang.Object org.springframework.boot.actuate.endpoint.mvc.EndpointMvcAdapter.invoke()
2016-06-23 16:36:11 [org.springframework.web.servlet.handler.AbstractHandlerMethodMapping$MappingRegistry:534] - Mapped "{[/info || /info.json],methods=[GET],produces=[application/json]}" onto public java.lang.Object org.springframework.boot.actuate.endpoint.mvc.EndpointMvcAdapter.invoke()
2016-06-23 16:36:11 [org.springframework.web.servlet.handler.AbstractHandlerMethodMapping$MappingRegistry:534] - Mapped "{[/dump || /dump.json],methods=[GET],produces=[application/json]}" onto public java.lang.Object org.springframework.boot.actuate.endpoint.mvc.EndpointMvcAdapter.invoke()
2016-06-23 16:36:11 [org.springframework.web.servlet.handler.AbstractHandlerMethodMapping$MappingRegistry:534] - Mapped "{[/configprops || /configprops.json],methods=[GET],produces=[application/json]}" onto public java.lang.Object org.springframework.boot.actuate.endpoint.mvc.EndpointMvcAdapter.invoke()
2016-06-23 16:36:11 [org.springframework.jmx.export.MBeanExporter:431] - Registering beans for JMX exposure on startup
2016-06-23 16:36:11 [org.springframework.jmx.export.MBeanExporter:431] - Registering beans for JMX exposure on startup
2016-06-23 16:36:11 [org.springframework.context.support.DefaultLifecycleProcessor$LifecycleGroup:341] - Starting beans in phase 0
2016-06-23 16:36:11 [org.springframework.jmx.export.MBeanExporter:674] - Located managed bean 'requestMappingEndpoint': registering with JMX server as MBean [org.springframework.boot:type=Endpoint,name=requestMappingEndpoint]
2016-06-23 16:36:11 [org.springframework.jmx.export.MBeanExporter:674] - Located managed bean 'environmentEndpoint': registering with JMX server as MBean [org.springframework.boot:type=Endpoint,name=environmentEndpoint]
2016-06-23 16:36:11 [org.springframework.jmx.export.MBeanExporter:674] - Located managed bean 'healthEndpoint': registering with JMX server as MBean [org.springframework.boot:type=Endpoint,name=healthEndpoint]
2016-06-23 16:36:11 [org.springframework.jmx.export.MBeanExporter:674] - Located managed bean 'beansEndpoint': registering with JMX server as MBean [org.springframework.boot:type=Endpoint,name=beansEndpoint]
2016-06-23 16:36:11 [org.springframework.jmx.export.MBeanExporter:674] - Located managed bean 'infoEndpoint': registering with JMX server as MBean [org.springframework.boot:type=Endpoint,name=infoEndpoint]
2016-06-23 16:36:11 [org.springframework.jmx.export.MBeanExporter:674] - Located managed bean 'metricsEndpoint': registering with JMX server as MBean [org.springframework.boot:type=Endpoint,name=metricsEndpoint]
2016-06-23 16:36:11 [org.springframework.jmx.export.MBeanExporter:674] - Located managed bean 'traceEndpoint': registering with JMX server as MBean [org.springframework.boot:type=Endpoint,name=traceEndpoint]
2016-06-23 16:36:11 [org.springframework.jmx.export.MBeanExporter:674] - Located managed bean 'dumpEndpoint': registering with JMX server as MBean [org.springframework.boot:type=Endpoint,name=dumpEndpoint]
2016-06-23 16:36:11 [org.springframework.jmx.export.MBeanExporter:674] - Located managed bean 'autoConfigurationReportEndpoint': registering with JMX server as MBean [org.springframework.boot:type=Endpoint,name=autoConfigurationReportEndpoint]
2016-06-23 16:36:11 [org.springframework.jmx.export.MBeanExporter:674] - Located managed bean 'configurationPropertiesReportEndpoint': registering with JMX server as MBean [org.springframework.boot:type=Endpoint,name=configurationPropertiesReportEndpoint]
2016-06-23 16:36:11 [org.apache.juli.logging.DirectJDKLog:180] - Initializing ProtocolHandler ["http-nio-9999"]
2016-06-23 16:36:11 [org.apache.juli.logging.DirectJDKLog:180] - Starting ProtocolHandler ["http-nio-9999"]
2016-06-23 16:36:11 [org.apache.juli.logging.DirectJDKLog:180] - Using a shared selector for servlet write/read
2016-06-23 16:36:11 [org.springframework.boot.context.embedded.tomcat.TomcatEmbeddedServletContainer:162] - Tomcat started on port(s): 9999 (http)
2016-06-23 16:36:11 [org.springframework.boot.StartupInfoLogger:57] - Started Application in 4.196 seconds (JVM running for 4.954)
2016-06-23 16:36:11 [colin.web.monitoring.Application:21] - 应用服务器启动成功，监听端口号是：9999
2016-06-23 16:36:34 [org.apache.juli.logging.DirectJDKLog:180] - Initializing Spring FrameworkServlet 'dispatcherServlet'
2016-06-23 16:36:34 [org.springframework.web.servlet.FrameworkServlet:487] - FrameworkServlet 'dispatcherServlet': initialization started
2016-06-23 16:36:35 [org.springframework.web.servlet.FrameworkServlet:506] - FrameworkServlet 'dispatcherServlet': initialization completed in 27 ms
2016-06-23 16:45:15 [colin.web.monitoring.Application:17] - 应用服务器启动开始
2016-06-23 16:45:15 [org.springframework.boot.StartupInfoLogger:48] - Starting Application on PC201604021529 with PID 10452 (D:\workspace\TestPlatform\target\classes started by Administrator in D:\workspace\TestPlatform)
2016-06-23 16:45:15 [org.springframework.boot.SpringApplication:666] - No active profile set, falling back to default profiles: default
2016-06-23 16:45:16 [org.springframework.context.support.AbstractApplicationContext:578] - Refreshing org.springframework.boot.context.embedded.AnnotationConfigEmbeddedWebApplicationContext@6e2aa843: startup date [Thu Jun 23 16:45:16 CST 2016]; root of context hierarchy
2016-06-23 16:45:16 [org.hibernate.validator.internal.util.Version:30] - HV000001: Hibernate Validator 5.2.4.Final
2016-06-23 16:45:18 [org.springframework.boot.context.embedded.tomcat.TomcatEmbeddedServletContainer:81] - Tomcat initialized with port(s): 9999 (http)
2016-06-23 16:45:18 [org.apache.juli.logging.DirectJDKLog:180] - Starting service Tomcat
2016-06-23 16:45:18 [org.apache.juli.logging.DirectJDKLog:180] - Starting Servlet Engine: Apache Tomcat/8.0.33
2016-06-23 16:45:18 [org.apache.juli.logging.DirectJDKLog:180] - Initializing Spring embedded WebApplicationContext
2016-06-23 16:45:18 [org.springframework.boot.context.embedded.EmbeddedWebApplicationContext:272] - Root WebApplicationContext: initialization completed in 2535 ms
2016-06-23 16:45:19 [org.springframework.boot.context.embedded.ServletRegistrationBean:189] - Mapping servlet: 'dispatcherServlet' to [/]
2016-06-23 16:45:19 [org.springframework.boot.context.embedded.AbstractFilterRegistrationBean:258] - Mapping filter: 'metricFilter' to: [/*]
2016-06-23 16:45:19 [org.springframework.boot.context.embedded.AbstractFilterRegistrationBean:258] - Mapping filter: 'characterEncodingFilter' to: [/*]
2016-06-23 16:45:19 [org.springframework.boot.context.embedded.AbstractFilterRegistrationBean:258] - Mapping filter: 'hiddenHttpMethodFilter' to: [/*]
2016-06-23 16:45:19 [org.springframework.boot.context.embedded.AbstractFilterRegistrationBean:258] - Mapping filter: 'httpPutFormContentFilter' to: [/*]
2016-06-23 16:45:19 [org.springframework.boot.context.embedded.AbstractFilterRegistrationBean:258] - Mapping filter: 'requestContextFilter' to: [/*]
2016-06-23 16:45:19 [org.springframework.boot.context.embedded.AbstractFilterRegistrationBean:258] - Mapping filter: 'webRequestLoggingFilter' to: [/*]
2016-06-23 16:45:19 [org.springframework.boot.context.embedded.AbstractFilterRegistrationBean:258] - Mapping filter: 'applicationContextIdFilter' to: [/*]
2016-06-23 16:45:19 [org.springframework.web.servlet.mvc.method.annotation.RequestMappingHandlerAdapter:539] - Looking for @ControllerAdvice: org.springframework.boot.context.embedded.AnnotationConfigEmbeddedWebApplicationContext@6e2aa843: startup date [Thu Jun 23 16:45:16 CST 2016]; root of context hierarchy
2016-06-23 16:45:19 [org.springframework.web.servlet.handler.AbstractHandlerMethodMapping$MappingRegistry:534] - Mapped "{[/dashboard/index],methods=[GET]}" onto public org.springframework.web.servlet.ModelAndView colin.web.monitoring.controller.DashboardController.showDashBoardHtml()
2016-06-23 16:45:19 [org.springframework.web.servlet.handler.AbstractHandlerMethodMapping$MappingRegistry:534] - Mapped "{[/openfire/client/login],methods=[GET]}" onto public java.lang.String colin.web.monitoring.controller.openfire.OpenfireClientLogin.ofUserLogin()
2016-06-23 16:45:19 [org.springframework.web.servlet.handler.AbstractHandlerMethodMapping$MappingRegistry:534] - Mapped "{[/openfire/client/login],methods=[POST]}" onto public java.lang.String colin.web.monitoring.controller.openfire.OpenfireClientLogin.userOpenfireLogin(java.lang.String,java.lang.String)
2016-06-23 16:45:19 [org.springframework.web.servlet.handler.AbstractHandlerMethodMapping$MappingRegistry:534] - Mapped "{[/error]}" onto public org.springframework.http.ResponseEntity<java.util.Map<java.lang.String, java.lang.Object>> org.springframework.boot.autoconfigure.web.BasicErrorController.error(javax.servlet.http.HttpServletRequest)
2016-06-23 16:45:19 [org.springframework.web.servlet.handler.AbstractHandlerMethodMapping$MappingRegistry:534] - Mapped "{[/error],produces=[text/html]}" onto public org.springframework.web.servlet.ModelAndView org.springframework.boot.autoconfigure.web.BasicErrorController.errorHtml(javax.servlet.http.HttpServletRequest,javax.servlet.http.HttpServletResponse)
2016-06-23 16:45:19 [org.springframework.web.servlet.handler.AbstractUrlHandlerMapping:341] - Mapped URL path [/webjars/**] onto handler of type [class org.springframework.web.servlet.resource.ResourceHttpRequestHandler]
2016-06-23 16:45:19 [org.springframework.web.servlet.handler.AbstractUrlHandlerMapping:341] - Mapped URL path [/**] onto handler of type [class org.springframework.web.servlet.resource.ResourceHttpRequestHandler]
2016-06-23 16:45:19 [org.springframework.web.servlet.handler.AbstractUrlHandlerMapping:341] - Mapped URL path [/**/favicon.ico] onto handler of type [class org.springframework.web.servlet.resource.ResourceHttpRequestHandler]
2016-06-23 16:45:20 [org.springframework.web.servlet.handler.AbstractHandlerMethodMapping$MappingRegistry:534] - Mapped "{[/env/{name:.*}],methods=[GET],produces=[application/json]}" onto public java.lang.Object org.springframework.boot.actuate.endpoint.mvc.EnvironmentMvcEndpoint.value(java.lang.String)
2016-06-23 16:45:20 [org.springframework.web.servlet.handler.AbstractHandlerMethodMapping$MappingRegistry:534] - Mapped "{[/env || /env.json],methods=[GET],produces=[application/json]}" onto public java.lang.Object org.springframework.boot.actuate.endpoint.mvc.EndpointMvcAdapter.invoke()
2016-06-23 16:45:20 [org.springframework.web.servlet.handler.AbstractHandlerMethodMapping$MappingRegistry:534] - Mapped "{[/beans || /beans.json],methods=[GET],produces=[application/json]}" onto public java.lang.Object org.springframework.boot.actuate.endpoint.mvc.EndpointMvcAdapter.invoke()
2016-06-23 16:45:20 [org.springframework.web.servlet.handler.AbstractHandlerMethodMapping$MappingRegistry:534] - Mapped "{[/autoconfig || /autoconfig.json],methods=[GET],produces=[application/json]}" onto public java.lang.Object org.springframework.boot.actuate.endpoint.mvc.EndpointMvcAdapter.invoke()
2016-06-23 16:45:20 [org.springframework.web.servlet.handler.AbstractHandlerMethodMapping$MappingRegistry:534] - Mapped "{[/metrics/{name:.*}],methods=[GET],produces=[application/json]}" onto public java.lang.Object org.springframework.boot.actuate.endpoint.mvc.MetricsMvcEndpoint.value(java.lang.String)
2016-06-23 16:45:20 [org.springframework.web.servlet.handler.AbstractHandlerMethodMapping$MappingRegistry:534] - Mapped "{[/metrics || /metrics.json],methods=[GET],produces=[application/json]}" onto public java.lang.Object org.springframework.boot.actuate.endpoint.mvc.EndpointMvcAdapter.invoke()
2016-06-23 16:45:20 [org.springframework.web.servlet.handler.AbstractHandlerMethodMapping$MappingRegistry:534] - Mapped "{[/info || /info.json],methods=[GET],produces=[application/json]}" onto public java.lang.Object org.springframework.boot.actuate.endpoint.mvc.EndpointMvcAdapter.invoke()
2016-06-23 16:45:20 [org.springframework.web.servlet.handler.AbstractHandlerMethodMapping$MappingRegistry:534] - Mapped "{[/trace || /trace.json],methods=[GET],produces=[application/json]}" onto public java.lang.Object org.springframework.boot.actuate.endpoint.mvc.EndpointMvcAdapter.invoke()
2016-06-23 16:45:20 [org.springframework.web.servlet.handler.AbstractHandlerMethodMapping$MappingRegistry:534] - Mapped "{[/dump || /dump.json],methods=[GET],produces=[application/json]}" onto public java.lang.Object org.springframework.boot.actuate.endpoint.mvc.EndpointMvcAdapter.invoke()
2016-06-23 16:45:20 [org.springframework.web.servlet.handler.AbstractHandlerMethodMapping$MappingRegistry:534] - Mapped "{[/mappings || /mappings.json],methods=[GET],produces=[application/json]}" onto public java.lang.Object org.springframework.boot.actuate.endpoint.mvc.EndpointMvcAdapter.invoke()
2016-06-23 16:45:20 [org.springframework.web.servlet.handler.AbstractHandlerMethodMapping$MappingRegistry:534] - Mapped "{[/configprops || /configprops.json],methods=[GET],produces=[application/json]}" onto public java.lang.Object org.springframework.boot.actuate.endpoint.mvc.EndpointMvcAdapter.invoke()
2016-06-23 16:45:20 [org.springframework.web.servlet.handler.AbstractHandlerMethodMapping$MappingRegistry:534] - Mapped "{[/health || /health.json],produces=[application/json]}" onto public java.lang.Object org.springframework.boot.actuate.endpoint.mvc.HealthMvcEndpoint.invoke(java.security.Principal)
2016-06-23 16:45:20 [org.springframework.jmx.export.MBeanExporter:431] - Registering beans for JMX exposure on startup
2016-06-23 16:45:20 [org.springframework.jmx.export.MBeanExporter:431] - Registering beans for JMX exposure on startup
2016-06-23 16:45:20 [org.springframework.context.support.DefaultLifecycleProcessor$LifecycleGroup:341] - Starting beans in phase 0
2016-06-23 16:45:20 [org.springframework.jmx.export.MBeanExporter:674] - Located managed bean 'requestMappingEndpoint': registering with JMX server as MBean [org.springframework.boot:type=Endpoint,name=requestMappingEndpoint]
2016-06-23 16:45:20 [org.springframework.jmx.export.MBeanExporter:674] - Located managed bean 'environmentEndpoint': registering with JMX server as MBean [org.springframework.boot:type=Endpoint,name=environmentEndpoint]
2016-06-23 16:45:20 [org.springframework.jmx.export.MBeanExporter:674] - Located managed bean 'healthEndpoint': registering with JMX server as MBean [org.springframework.boot:type=Endpoint,name=healthEndpoint]
2016-06-23 16:45:20 [org.springframework.jmx.export.MBeanExporter:674] - Located managed bean 'beansEndpoint': registering with JMX server as MBean [org.springframework.boot:type=Endpoint,name=beansEndpoint]
2016-06-23 16:45:20 [org.springframework.jmx.export.MBeanExporter:674] - Located managed bean 'infoEndpoint': registering with JMX server as MBean [org.springframework.boot:type=Endpoint,name=infoEndpoint]
2016-06-23 16:45:20 [org.springframework.jmx.export.MBeanExporter:674] - Located managed bean 'metricsEndpoint': registering with JMX server as MBean [org.springframework.boot:type=Endpoint,name=metricsEndpoint]
2016-06-23 16:45:20 [org.springframework.jmx.export.MBeanExporter:674] - Located managed bean 'traceEndpoint': registering with JMX server as MBean [org.springframework.boot:type=Endpoint,name=traceEndpoint]
2016-06-23 16:45:20 [org.springframework.jmx.export.MBeanExporter:674] - Located managed bean 'dumpEndpoint': registering with JMX server as MBean [org.springframework.boot:type=Endpoint,name=dumpEndpoint]
2016-06-23 16:45:20 [org.springframework.jmx.export.MBeanExporter:674] - Located managed bean 'autoConfigurationReportEndpoint': registering with JMX server as MBean [org.springframework.boot:type=Endpoint,name=autoConfigurationReportEndpoint]
2016-06-23 16:45:20 [org.springframework.jmx.export.MBeanExporter:674] - Located managed bean 'configurationPropertiesReportEndpoint': registering with JMX server as MBean [org.springframework.boot:type=Endpoint,name=configurationPropertiesReportEndpoint]
2016-06-23 16:45:20 [org.apache.juli.logging.DirectJDKLog:180] - Initializing ProtocolHandler ["http-nio-9999"]
2016-06-23 16:45:20 [org.apache.juli.logging.DirectJDKLog:180] - Starting ProtocolHandler ["http-nio-9999"]
2016-06-23 16:45:20 [org.apache.juli.logging.DirectJDKLog:180] - Using a shared selector for servlet write/read
2016-06-23 16:45:20 [org.springframework.boot.context.embedded.tomcat.TomcatEmbeddedServletContainer:162] - Tomcat started on port(s): 9999 (http)
2016-06-23 16:45:20 [org.springframework.boot.StartupInfoLogger:57] - Started Application in 5.307 seconds (JVM running for 6.251)
2016-06-23 16:45:20 [colin.web.monitoring.Application:21] - 应用服务器启动成功，监听端口号是：9999
2016-06-23 16:45:30 [org.apache.juli.logging.DirectJDKLog:180] - Initializing Spring FrameworkServlet 'dispatcherServlet'
2016-06-23 16:45:30 [org.springframework.web.servlet.FrameworkServlet:487] - FrameworkServlet 'dispatcherServlet': initialization started
2016-06-23 16:45:30 [org.springframework.web.servlet.FrameworkServlet:506] - FrameworkServlet 'dispatcherServlet': initialization completed in 38 ms
2016-06-23 16:45:30 [colin.web.monitoring.controller.openfire.OpenfireClientLogin:53] - 用户登录失败！！未通过认证！
2016-06-23 16:47:28 [colin.web.monitoring.Application:17] - 应用服务器启动开始
2016-06-23 16:47:28 [org.springframework.boot.StartupInfoLogger:48] - Starting Application on PC201604021529 with PID 9420 (D:\workspace\TestPlatform\target\classes started by Administrator in D:\workspace\TestPlatform)
2016-06-23 16:47:28 [org.springframework.boot.SpringApplication:666] - No active profile set, falling back to default profiles: default
2016-06-23 16:47:29 [org.springframework.context.support.AbstractApplicationContext:578] - Refreshing org.springframework.boot.context.embedded.AnnotationConfigEmbeddedWebApplicationContext@12d4bf7e: startup date [Thu Jun 23 16:47:29 CST 2016]; root of context hierarchy
2016-06-23 16:47:29 [org.hibernate.validator.internal.util.Version:30] - HV000001: Hibernate Validator 5.2.4.Final
2016-06-23 16:47:31 [org.springframework.boot.context.embedded.tomcat.TomcatEmbeddedServletContainer:81] - Tomcat initialized with port(s): 9999 (http)
2016-06-23 16:47:31 [org.apache.juli.logging.DirectJDKLog:180] - Starting service Tomcat
2016-06-23 16:47:31 [org.apache.juli.logging.DirectJDKLog:180] - Starting Servlet Engine: Apache Tomcat/8.0.33
2016-06-23 16:47:31 [org.apache.juli.logging.DirectJDKLog:180] - Initializing Spring embedded WebApplicationContext
2016-06-23 16:47:31 [org.springframework.boot.context.embedded.EmbeddedWebApplicationContext:272] - Root WebApplicationContext: initialization completed in 2210 ms
2016-06-23 16:47:31 [org.springframework.boot.context.embedded.ServletRegistrationBean:189] - Mapping servlet: 'dispatcherServlet' to [/]
2016-06-23 16:47:31 [org.springframework.boot.context.embedded.AbstractFilterRegistrationBean:258] - Mapping filter: 'metricFilter' to: [/*]
2016-06-23 16:47:31 [org.springframework.boot.context.embedded.AbstractFilterRegistrationBean:258] - Mapping filter: 'characterEncodingFilter' to: [/*]
2016-06-23 16:47:31 [org.springframework.boot.context.embedded.AbstractFilterRegistrationBean:258] - Mapping filter: 'hiddenHttpMethodFilter' to: [/*]
2016-06-23 16:47:31 [org.springframework.boot.context.embedded.AbstractFilterRegistrationBean:258] - Mapping filter: 'httpPutFormContentFilter' to: [/*]
2016-06-23 16:47:31 [org.springframework.boot.context.embedded.AbstractFilterRegistrationBean:258] - Mapping filter: 'requestContextFilter' to: [/*]
2016-06-23 16:47:31 [org.springframework.boot.context.embedded.AbstractFilterRegistrationBean:258] - Mapping filter: 'webRequestLoggingFilter' to: [/*]
2016-06-23 16:47:31 [org.springframework.boot.context.embedded.AbstractFilterRegistrationBean:258] - Mapping filter: 'applicationContextIdFilter' to: [/*]
2016-06-23 16:47:32 [org.springframework.web.servlet.mvc.method.annotation.RequestMappingHandlerAdapter:539] - Looking for @ControllerAdvice: org.springframework.boot.context.embedded.AnnotationConfigEmbeddedWebApplicationContext@12d4bf7e: startup date [Thu Jun 23 16:47:29 CST 2016]; root of context hierarchy
2016-06-23 16:47:32 [org.springframework.web.servlet.handler.AbstractHandlerMethodMapping$MappingRegistry:534] - Mapped "{[/dashboard/index],methods=[GET]}" onto public org.springframework.web.servlet.ModelAndView colin.web.monitoring.controller.DashboardController.showDashBoardHtml()
2016-06-23 16:47:32 [org.springframework.web.servlet.handler.AbstractHandlerMethodMapping$MappingRegistry:534] - Mapped "{[/openfire/client/login],methods=[GET]}" onto public java.lang.String colin.web.monitoring.controller.openfire.OpenfireClientLogin.ofUserLogin()
2016-06-23 16:47:32 [org.springframework.web.servlet.handler.AbstractHandlerMethodMapping$MappingRegistry:534] - Mapped "{[/openfire/client/login],methods=[POST]}" onto public java.lang.String colin.web.monitoring.controller.openfire.OpenfireClientLogin.userOpenfireLogin(java.lang.String,java.lang.String)
2016-06-23 16:47:32 [org.springframework.web.servlet.handler.AbstractHandlerMethodMapping$MappingRegistry:534] - Mapped "{[/error]}" onto public org.springframework.http.ResponseEntity<java.util.Map<java.lang.String, java.lang.Object>> org.springframework.boot.autoconfigure.web.BasicErrorController.error(javax.servlet.http.HttpServletRequest)
2016-06-23 16:47:32 [org.springframework.web.servlet.handler.AbstractHandlerMethodMapping$MappingRegistry:534] - Mapped "{[/error],produces=[text/html]}" onto public org.springframework.web.servlet.ModelAndView org.springframework.boot.autoconfigure.web.BasicErrorController.errorHtml(javax.servlet.http.HttpServletRequest,javax.servlet.http.HttpServletResponse)
2016-06-23 16:47:32 [org.springframework.web.servlet.handler.AbstractUrlHandlerMapping:341] - Mapped URL path [/webjars/**] onto handler of type [class org.springframework.web.servlet.resource.ResourceHttpRequestHandler]
2016-06-23 16:47:32 [org.springframework.web.servlet.handler.AbstractUrlHandlerMapping:341] - Mapped URL path [/**] onto handler of type [class org.springframework.web.servlet.resource.ResourceHttpRequestHandler]
2016-06-23 16:47:32 [org.springframework.web.servlet.handler.AbstractUrlHandlerMapping:341] - Mapped URL path [/**/favicon.ico] onto handler of type [class org.springframework.web.servlet.resource.ResourceHttpRequestHandler]
2016-06-23 16:47:32 [org.springframework.web.servlet.handler.AbstractHandlerMethodMapping$MappingRegistry:534] - Mapped "{[/env/{name:.*}],methods=[GET],produces=[application/json]}" onto public java.lang.Object org.springframework.boot.actuate.endpoint.mvc.EnvironmentMvcEndpoint.value(java.lang.String)
2016-06-23 16:47:32 [org.springframework.web.servlet.handler.AbstractHandlerMethodMapping$MappingRegistry:534] - Mapped "{[/env || /env.json],methods=[GET],produces=[application/json]}" onto public java.lang.Object org.springframework.boot.actuate.endpoint.mvc.EndpointMvcAdapter.invoke()
2016-06-23 16:47:32 [org.springframework.web.servlet.handler.AbstractHandlerMethodMapping$MappingRegistry:534] - Mapped "{[/metrics/{name:.*}],methods=[GET],produces=[application/json]}" onto public java.lang.Object org.springframework.boot.actuate.endpoint.mvc.MetricsMvcEndpoint.value(java.lang.String)
2016-06-23 16:47:32 [org.springframework.web.servlet.handler.AbstractHandlerMethodMapping$MappingRegistry:534] - Mapped "{[/metrics || /metrics.json],methods=[GET],produces=[application/json]}" onto public java.lang.Object org.springframework.boot.actuate.endpoint.mvc.EndpointMvcAdapter.invoke()
2016-06-23 16:47:32 [org.springframework.web.servlet.handler.AbstractHandlerMethodMapping$MappingRegistry:534] - Mapped "{[/beans || /beans.json],methods=[GET],produces=[application/json]}" onto public java.lang.Object org.springframework.boot.actuate.endpoint.mvc.EndpointMvcAdapter.invoke()
2016-06-23 16:47:32 [org.springframework.web.servlet.handler.AbstractHandlerMethodMapping$MappingRegistry:534] - Mapped "{[/autoconfig || /autoconfig.json],methods=[GET],produces=[application/json]}" onto public java.lang.Object org.springframework.boot.actuate.endpoint.mvc.EndpointMvcAdapter.invoke()
2016-06-23 16:47:32 [org.springframework.web.servlet.handler.AbstractHandlerMethodMapping$MappingRegistry:534] - Mapped "{[/health || /health.json],produces=[application/json]}" onto public java.lang.Object org.springframework.boot.actuate.endpoint.mvc.HealthMvcEndpoint.invoke(java.security.Principal)
2016-06-23 16:47:32 [org.springframework.web.servlet.handler.AbstractHandlerMethodMapping$MappingRegistry:534] - Mapped "{[/trace || /trace.json],methods=[GET],produces=[application/json]}" onto public java.lang.Object org.springframework.boot.actuate.endpoint.mvc.EndpointMvcAdapter.invoke()
2016-06-23 16:47:32 [org.springframework.web.servlet.handler.AbstractHandlerMethodMapping$MappingRegistry:534] - Mapped "{[/mappings || /mappings.json],methods=[GET],produces=[application/json]}" onto public java.lang.Object org.springframework.boot.actuate.endpoint.mvc.EndpointMvcAdapter.invoke()
2016-06-23 16:47:32 [org.springframework.web.servlet.handler.AbstractHandlerMethodMapping$MappingRegistry:534] - Mapped "{[/info || /info.json],methods=[GET],produces=[application/json]}" onto public java.lang.Object org.springframework.boot.actuate.endpoint.mvc.EndpointMvcAdapter.invoke()
2016-06-23 16:47:32 [org.springframework.web.servlet.handler.AbstractHandlerMethodMapping$MappingRegistry:534] - Mapped "{[/dump || /dump.json],methods=[GET],produces=[application/json]}" onto public java.lang.Object org.springframework.boot.actuate.endpoint.mvc.EndpointMvcAdapter.invoke()
2016-06-23 16:47:32 [org.springframework.web.servlet.handler.AbstractHandlerMethodMapping$MappingRegistry:534] - Mapped "{[/configprops || /configprops.json],methods=[GET],produces=[application/json]}" onto public java.lang.Object org.springframework.boot.actuate.endpoint.mvc.EndpointMvcAdapter.invoke()
2016-06-23 16:47:32 [org.springframework.jmx.export.MBeanExporter:431] - Registering beans for JMX exposure on startup
2016-06-23 16:47:32 [org.springframework.jmx.export.MBeanExporter:431] - Registering beans for JMX exposure on startup
2016-06-23 16:47:32 [org.springframework.context.support.DefaultLifecycleProcessor$LifecycleGroup:341] - Starting beans in phase 0
2016-06-23 16:47:32 [org.springframework.jmx.export.MBeanExporter:674] - Located managed bean 'requestMappingEndpoint': registering with JMX server as MBean [org.springframework.boot:type=Endpoint,name=requestMappingEndpoint]
2016-06-23 16:47:32 [org.springframework.jmx.export.MBeanExporter:674] - Located managed bean 'environmentEndpoint': registering with JMX server as MBean [org.springframework.boot:type=Endpoint,name=environmentEndpoint]
2016-06-23 16:47:32 [org.springframework.jmx.export.MBeanExporter:674] - Located managed bean 'healthEndpoint': registering with JMX server as MBean [org.springframework.boot:type=Endpoint,name=healthEndpoint]
2016-06-23 16:47:32 [org.springframework.jmx.export.MBeanExporter:674] - Located managed bean 'beansEndpoint': registering with JMX server as MBean [org.springframework.boot:type=Endpoint,name=beansEndpoint]
2016-06-23 16:47:32 [org.springframework.jmx.export.MBeanExporter:674] - Located managed bean 'infoEndpoint': registering with JMX server as MBean [org.springframework.boot:type=Endpoint,name=infoEndpoint]
2016-06-23 16:47:32 [org.springframework.jmx.export.MBeanExporter:674] - Located managed bean 'metricsEndpoint': registering with JMX server as MBean [org.springframework.boot:type=Endpoint,name=metricsEndpoint]
2016-06-23 16:47:32 [org.springframework.jmx.export.MBeanExporter:674] - Located managed bean 'traceEndpoint': registering with JMX server as MBean [org.springframework.boot:type=Endpoint,name=traceEndpoint]
2016-06-23 16:47:32 [org.springframework.jmx.export.MBeanExporter:674] - Located managed bean 'dumpEndpoint': registering with JMX server as MBean [org.springframework.boot:type=Endpoint,name=dumpEndpoint]
2016-06-23 16:47:32 [org.springframework.jmx.export.MBeanExporter:674] - Located managed bean 'autoConfigurationReportEndpoint': registering with JMX server as MBean [org.springframework.boot:type=Endpoint,name=autoConfigurationReportEndpoint]
2016-06-23 16:47:32 [org.springframework.jmx.export.MBeanExporter:674] - Located managed bean 'configurationPropertiesReportEndpoint': registering with JMX server as MBean [org.springframework.boot:type=Endpoint,name=configurationPropertiesReportEndpoint]
2016-06-23 16:47:32 [org.apache.juli.logging.DirectJDKLog:180] - Initializing ProtocolHandler ["http-nio-9999"]
2016-06-23 16:47:32 [org.apache.juli.logging.DirectJDKLog:180] - Starting ProtocolHandler ["http-nio-9999"]
2016-06-23 16:47:32 [org.apache.juli.logging.DirectJDKLog:180] - Using a shared selector for servlet write/read
2016-06-23 16:47:32 [org.springframework.boot.context.embedded.tomcat.TomcatEmbeddedServletContainer:162] - Tomcat started on port(s): 9999 (http)
2016-06-23 16:47:32 [org.springframework.boot.StartupInfoLogger:57] - Started Application in 4.218 seconds (JVM running for 4.862)
2016-06-23 16:47:32 [colin.web.monitoring.Application:21] - 应用服务器启动成功，监听端口号是：9999
2016-06-23 16:47:41 [org.apache.juli.logging.DirectJDKLog:180] - Initializing Spring FrameworkServlet 'dispatcherServlet'
2016-06-23 16:47:41 [org.springframework.web.servlet.FrameworkServlet:487] - FrameworkServlet 'dispatcherServlet': initialization started
2016-06-23 16:47:41 [org.springframework.web.servlet.FrameworkServlet:506] - FrameworkServlet 'dispatcherServlet': initialization completed in 15 ms
2016-06-23 16:47:42 [colin.web.monitoring.controller.openfire.OpenfireClientLogin:49] - 用户登录Openfire成功！
