2016-07-01 10:33:20 [org.springframework.test.context.support.AbstractContextLoader:242] - Could not detect default resource locations for test class [colin.web.monitoring.test.TCommonConfig]: no resource found for suffixes {-context.xml, Context.groovy}.
2016-07-01 10:33:20 [org.springframework.test.context.support.AbstractTestContextBootstrapper:258] - Loaded default TestExecutionListener class names from location [META-INF/spring.factories]: [org.springframework.test.context.web.ServletTestExecutionListener, org.springframework.test.context.support.DirtiesContextBeforeModesTestExecutionListener, org.springframework.test.context.support.DependencyInjectionTestExecutionListener, org.springframework.test.context.support.DirtiesContextTestExecutionListener, org.springframework.test.context.transaction.TransactionalTestExecutionListener, org.springframework.test.context.jdbc.SqlScriptsTestExecutionListener]
2016-07-01 10:33:20 [org.springframework.test.context.support.AbstractTestContextBootstrapper:185] - Using TestExecutionListeners: [org.springframework.test.context.web.ServletTestExecutionListener@60438a68, org.springframework.test.context.support.DirtiesContextBeforeModesTestExecutionListener@140e5a13, org.springframework.test.context.support.DependencyInjectionTestExecutionListener@3439f68d, org.springframework.test.context.support.DirtiesContextTestExecutionListener@dbd940d, org.springframework.test.context.transaction.TransactionalTestExecutionListener@71d15f18, org.springframework.test.context.jdbc.SqlScriptsTestExecutionListener@17695df3]
2016-07-01 10:33:21 [org.springframework.boot.StartupInfoLogger:48] - Starting TCommonMongoDao on PC201604021529 with PID 2052 (D:\workspace\TestPlatform\target\test-classes started by Administrator in D:\workspace\TestPlatform)
2016-07-01 10:33:21 [org.springframework.boot.SpringApplication:666] - No active profile set, falling back to default profiles: default
2016-07-01 10:33:21 [org.springframework.context.support.AbstractApplicationContext:578] - Refreshing org.springframework.web.context.support.GenericWebApplicationContext@7dcf94f8: startup date [Fri Jul 01 10:33:21 CST 2016]; root of context hierarchy
2016-07-01 10:33:22 [org.hibernate.validator.internal.util.Version:30] - HV000001: Hibernate Validator 5.2.4.Final
2016-07-01 10:33:24 [org.mongodb.morphia.logging.jdk.JDKLogger:165] - LoggerImplFactory set to org.mongodb.morphia.logging.jdk.JDKLoggerFactory
2016-07-01 10:33:25 [org.springframework.web.servlet.mvc.method.annotation.RequestMappingHandlerAdapter:539] - Looking for @ControllerAdvice: org.springframework.web.context.support.GenericWebApplicationContext@7dcf94f8: startup date [Fri Jul 01 10:33:21 CST 2016]; root of context hierarchy
2016-07-01 10:33:25 [org.springframework.web.servlet.handler.AbstractHandlerMethodMapping$MappingRegistry:534] - Mapped "{[/dashboard/index],methods=[GET]}" onto public org.springframework.web.servlet.ModelAndView colin.web.monitoring.controller.DashboardController.showDashBoardHtml()
2016-07-01 10:33:25 [org.springframework.web.servlet.handler.AbstractHandlerMethodMapping$MappingRegistry:534] - Mapped "{[/openfire/client/login],methods=[GET]}" onto public java.lang.String colin.web.monitoring.controller.openfire.OpenfireClientLogin.ofUserLogin()
2016-07-01 10:33:25 [org.springframework.web.servlet.handler.AbstractHandlerMethodMapping$MappingRegistry:534] - Mapped "{[/openfire/client/login],methods=[POST]}" onto public java.lang.String colin.web.monitoring.controller.openfire.OpenfireClientLogin.userOpenfireLogin(java.lang.String,java.lang.String)
2016-07-01 10:33:25 [org.springframework.web.servlet.handler.AbstractHandlerMethodMapping$MappingRegistry:534] - Mapped "{[/error]}" onto public org.springframework.http.ResponseEntity<java.util.Map<java.lang.String, java.lang.Object>> org.springframework.boot.autoconfigure.web.BasicErrorController.error(javax.servlet.http.HttpServletRequest)
2016-07-01 10:33:25 [org.springframework.web.servlet.handler.AbstractHandlerMethodMapping$MappingRegistry:534] - Mapped "{[/error],produces=[text/html]}" onto public org.springframework.web.servlet.ModelAndView org.springframework.boot.autoconfigure.web.BasicErrorController.errorHtml(javax.servlet.http.HttpServletRequest,javax.servlet.http.HttpServletResponse)
2016-07-01 10:33:25 [org.springframework.web.servlet.handler.AbstractUrlHandlerMapping:341] - Mapped URL path [/webjars/**] onto handler of type [class org.springframework.web.servlet.resource.ResourceHttpRequestHandler]
2016-07-01 10:33:25 [org.springframework.web.servlet.handler.AbstractUrlHandlerMapping:341] - Mapped URL path [/**] onto handler of type [class org.springframework.web.servlet.resource.ResourceHttpRequestHandler]
2016-07-01 10:33:25 [org.springframework.web.servlet.handler.AbstractUrlHandlerMapping:341] - Mapped URL path [/**/favicon.ico] onto handler of type [class org.springframework.web.servlet.resource.ResourceHttpRequestHandler]
2016-07-01 10:33:26 [org.springframework.web.servlet.handler.AbstractHandlerMethodMapping$MappingRegistry:534] - Mapped "{[/info || /info.json],methods=[GET],produces=[application/json]}" onto public java.lang.Object org.springframework.boot.actuate.endpoint.mvc.EndpointMvcAdapter.invoke()
2016-07-01 10:33:26 [org.springframework.web.servlet.handler.AbstractHandlerMethodMapping$MappingRegistry:534] - Mapped "{[/trace || /trace.json],methods=[GET],produces=[application/json]}" onto public java.lang.Object org.springframework.boot.actuate.endpoint.mvc.EndpointMvcAdapter.invoke()
2016-07-01 10:33:26 [org.springframework.web.servlet.handler.AbstractHandlerMethodMapping$MappingRegistry:534] - Mapped "{[/health || /health.json],produces=[application/json]}" onto public java.lang.Object org.springframework.boot.actuate.endpoint.mvc.HealthMvcEndpoint.invoke(java.security.Principal)
2016-07-01 10:33:26 [org.springframework.web.servlet.handler.AbstractHandlerMethodMapping$MappingRegistry:534] - Mapped "{[/env/{name:.*}],methods=[GET],produces=[application/json]}" onto public java.lang.Object org.springframework.boot.actuate.endpoint.mvc.EnvironmentMvcEndpoint.value(java.lang.String)
2016-07-01 10:33:26 [org.springframework.web.servlet.handler.AbstractHandlerMethodMapping$MappingRegistry:534] - Mapped "{[/env || /env.json],methods=[GET],produces=[application/json]}" onto public java.lang.Object org.springframework.boot.actuate.endpoint.mvc.EndpointMvcAdapter.invoke()
2016-07-01 10:33:26 [org.springframework.web.servlet.handler.AbstractHandlerMethodMapping$MappingRegistry:534] - Mapped "{[/configprops || /configprops.json],methods=[GET],produces=[application/json]}" onto public java.lang.Object org.springframework.boot.actuate.endpoint.mvc.EndpointMvcAdapter.invoke()
2016-07-01 10:33:26 [org.springframework.web.servlet.handler.AbstractHandlerMethodMapping$MappingRegistry:534] - Mapped "{[/dump || /dump.json],methods=[GET],produces=[application/json]}" onto public java.lang.Object org.springframework.boot.actuate.endpoint.mvc.EndpointMvcAdapter.invoke()
2016-07-01 10:33:26 [org.springframework.web.servlet.handler.AbstractHandlerMethodMapping$MappingRegistry:534] - Mapped "{[/metrics/{name:.*}],methods=[GET],produces=[application/json]}" onto public java.lang.Object org.springframework.boot.actuate.endpoint.mvc.MetricsMvcEndpoint.value(java.lang.String)
2016-07-01 10:33:26 [org.springframework.web.servlet.handler.AbstractHandlerMethodMapping$MappingRegistry:534] - Mapped "{[/metrics || /metrics.json],methods=[GET],produces=[application/json]}" onto public java.lang.Object org.springframework.boot.actuate.endpoint.mvc.EndpointMvcAdapter.invoke()
2016-07-01 10:33:26 [org.springframework.web.servlet.handler.AbstractHandlerMethodMapping$MappingRegistry:534] - Mapped "{[/beans || /beans.json],methods=[GET],produces=[application/json]}" onto public java.lang.Object org.springframework.boot.actuate.endpoint.mvc.EndpointMvcAdapter.invoke()
2016-07-01 10:33:26 [org.springframework.web.servlet.handler.AbstractHandlerMethodMapping$MappingRegistry:534] - Mapped "{[/mappings || /mappings.json],methods=[GET],produces=[application/json]}" onto public java.lang.Object org.springframework.boot.actuate.endpoint.mvc.EndpointMvcAdapter.invoke()
2016-07-01 10:33:26 [org.springframework.web.servlet.handler.AbstractHandlerMethodMapping$MappingRegistry:534] - Mapped "{[/autoconfig || /autoconfig.json],methods=[GET],produces=[application/json]}" onto public java.lang.Object org.springframework.boot.actuate.endpoint.mvc.EndpointMvcAdapter.invoke()
2016-07-01 10:33:26 [org.springframework.boot.StartupInfoLogger:57] - Started TCommonMongoDao in 5.55 seconds (JVM running for 6.594)
2016-07-01 10:33:36 [org.springframework.context.support.AbstractApplicationContext:960] - Closing org.springframework.web.context.support.GenericWebApplicationContext@7dcf94f8: startup date [Fri Jul 01 10:33:21 CST 2016]; root of context hierarchy
2016-07-01 10:34:56 [org.springframework.test.context.support.AbstractContextLoader:242] - Could not detect default resource locations for test class [colin.web.monitoring.test.TCommonConfig]: no resource found for suffixes {-context.xml, Context.groovy}.
2016-07-01 10:34:56 [org.springframework.test.context.support.AbstractTestContextBootstrapper:258] - Loaded default TestExecutionListener class names from location [META-INF/spring.factories]: [org.springframework.test.context.web.ServletTestExecutionListener, org.springframework.test.context.support.DirtiesContextBeforeModesTestExecutionListener, org.springframework.test.context.support.DependencyInjectionTestExecutionListener, org.springframework.test.context.support.DirtiesContextTestExecutionListener, org.springframework.test.context.transaction.TransactionalTestExecutionListener, org.springframework.test.context.jdbc.SqlScriptsTestExecutionListener]
2016-07-01 10:34:56 [org.springframework.test.context.support.AbstractTestContextBootstrapper:185] - Using TestExecutionListeners: [org.springframework.test.context.web.ServletTestExecutionListener@60438a68, org.springframework.test.context.support.DirtiesContextBeforeModesTestExecutionListener@140e5a13, org.springframework.test.context.support.DependencyInjectionTestExecutionListener@3439f68d, org.springframework.test.context.support.DirtiesContextTestExecutionListener@dbd940d, org.springframework.test.context.transaction.TransactionalTestExecutionListener@71d15f18, org.springframework.test.context.jdbc.SqlScriptsTestExecutionListener@17695df3]
2016-07-01 10:34:57 [org.springframework.boot.StartupInfoLogger:48] - Starting TCommonMongoDao on PC201604021529 with PID 8056 (D:\workspace\TestPlatform\target\test-classes started by Administrator in D:\workspace\TestPlatform)
2016-07-01 10:34:57 [org.springframework.boot.SpringApplication:666] - No active profile set, falling back to default profiles: default
2016-07-01 10:34:57 [org.springframework.context.support.AbstractApplicationContext:578] - Refreshing org.springframework.web.context.support.GenericWebApplicationContext@7dcf94f8: startup date [Fri Jul 01 10:34:57 CST 2016]; root of context hierarchy
2016-07-01 10:34:57 [org.hibernate.validator.internal.util.Version:30] - HV000001: Hibernate Validator 5.2.4.Final
2016-07-01 10:34:59 [org.mongodb.morphia.logging.jdk.JDKLogger:165] - LoggerImplFactory set to org.mongodb.morphia.logging.jdk.JDKLoggerFactory
2016-07-01 10:35:00 [org.springframework.web.servlet.mvc.method.annotation.RequestMappingHandlerAdapter:539] - Looking for @ControllerAdvice: org.springframework.web.context.support.GenericWebApplicationContext@7dcf94f8: startup date [Fri Jul 01 10:34:57 CST 2016]; root of context hierarchy
2016-07-01 10:35:00 [org.springframework.web.servlet.handler.AbstractHandlerMethodMapping$MappingRegistry:534] - Mapped "{[/dashboard/index],methods=[GET]}" onto public org.springframework.web.servlet.ModelAndView colin.web.monitoring.controller.DashboardController.showDashBoardHtml()
2016-07-01 10:35:00 [org.springframework.web.servlet.handler.AbstractHandlerMethodMapping$MappingRegistry:534] - Mapped "{[/openfire/client/login],methods=[POST]}" onto public java.lang.String colin.web.monitoring.controller.openfire.OpenfireClientLogin.userOpenfireLogin(java.lang.String,java.lang.String)
2016-07-01 10:35:00 [org.springframework.web.servlet.handler.AbstractHandlerMethodMapping$MappingRegistry:534] - Mapped "{[/openfire/client/login],methods=[GET]}" onto public java.lang.String colin.web.monitoring.controller.openfire.OpenfireClientLogin.ofUserLogin()
2016-07-01 10:35:00 [org.springframework.web.servlet.handler.AbstractHandlerMethodMapping$MappingRegistry:534] - Mapped "{[/error]}" onto public org.springframework.http.ResponseEntity<java.util.Map<java.lang.String, java.lang.Object>> org.springframework.boot.autoconfigure.web.BasicErrorController.error(javax.servlet.http.HttpServletRequest)
2016-07-01 10:35:00 [org.springframework.web.servlet.handler.AbstractHandlerMethodMapping$MappingRegistry:534] - Mapped "{[/error],produces=[text/html]}" onto public org.springframework.web.servlet.ModelAndView org.springframework.boot.autoconfigure.web.BasicErrorController.errorHtml(javax.servlet.http.HttpServletRequest,javax.servlet.http.HttpServletResponse)
2016-07-01 10:35:00 [org.springframework.web.servlet.handler.AbstractUrlHandlerMapping:341] - Mapped URL path [/webjars/**] onto handler of type [class org.springframework.web.servlet.resource.ResourceHttpRequestHandler]
2016-07-01 10:35:00 [org.springframework.web.servlet.handler.AbstractUrlHandlerMapping:341] - Mapped URL path [/**] onto handler of type [class org.springframework.web.servlet.resource.ResourceHttpRequestHandler]
2016-07-01 10:35:00 [org.springframework.web.servlet.handler.AbstractUrlHandlerMapping:341] - Mapped URL path [/**/favicon.ico] onto handler of type [class org.springframework.web.servlet.resource.ResourceHttpRequestHandler]
2016-07-01 10:35:01 [org.springframework.web.servlet.handler.AbstractHandlerMethodMapping$MappingRegistry:534] - Mapped "{[/info || /info.json],methods=[GET],produces=[application/json]}" onto public java.lang.Object org.springframework.boot.actuate.endpoint.mvc.EndpointMvcAdapter.invoke()
2016-07-01 10:35:01 [org.springframework.web.servlet.handler.AbstractHandlerMethodMapping$MappingRegistry:534] - Mapped "{[/trace || /trace.json],methods=[GET],produces=[application/json]}" onto public java.lang.Object org.springframework.boot.actuate.endpoint.mvc.EndpointMvcAdapter.invoke()
2016-07-01 10:35:01 [org.springframework.web.servlet.handler.AbstractHandlerMethodMapping$MappingRegistry:534] - Mapped "{[/health || /health.json],produces=[application/json]}" onto public java.lang.Object org.springframework.boot.actuate.endpoint.mvc.HealthMvcEndpoint.invoke(java.security.Principal)
2016-07-01 10:35:01 [org.springframework.web.servlet.handler.AbstractHandlerMethodMapping$MappingRegistry:534] - Mapped "{[/env/{name:.*}],methods=[GET],produces=[application/json]}" onto public java.lang.Object org.springframework.boot.actuate.endpoint.mvc.EnvironmentMvcEndpoint.value(java.lang.String)
2016-07-01 10:35:01 [org.springframework.web.servlet.handler.AbstractHandlerMethodMapping$MappingRegistry:534] - Mapped "{[/env || /env.json],methods=[GET],produces=[application/json]}" onto public java.lang.Object org.springframework.boot.actuate.endpoint.mvc.EndpointMvcAdapter.invoke()
2016-07-01 10:35:01 [org.springframework.web.servlet.handler.AbstractHandlerMethodMapping$MappingRegistry:534] - Mapped "{[/configprops || /configprops.json],methods=[GET],produces=[application/json]}" onto public java.lang.Object org.springframework.boot.actuate.endpoint.mvc.EndpointMvcAdapter.invoke()
2016-07-01 10:35:01 [org.springframework.web.servlet.handler.AbstractHandlerMethodMapping$MappingRegistry:534] - Mapped "{[/dump || /dump.json],methods=[GET],produces=[application/json]}" onto public java.lang.Object org.springframework.boot.actuate.endpoint.mvc.EndpointMvcAdapter.invoke()
2016-07-01 10:35:01 [org.springframework.web.servlet.handler.AbstractHandlerMethodMapping$MappingRegistry:534] - Mapped "{[/metrics/{name:.*}],methods=[GET],produces=[application/json]}" onto public java.lang.Object org.springframework.boot.actuate.endpoint.mvc.MetricsMvcEndpoint.value(java.lang.String)
2016-07-01 10:35:01 [org.springframework.web.servlet.handler.AbstractHandlerMethodMapping$MappingRegistry:534] - Mapped "{[/metrics || /metrics.json],methods=[GET],produces=[application/json]}" onto public java.lang.Object org.springframework.boot.actuate.endpoint.mvc.EndpointMvcAdapter.invoke()
2016-07-01 10:35:01 [org.springframework.web.servlet.handler.AbstractHandlerMethodMapping$MappingRegistry:534] - Mapped "{[/beans || /beans.json],methods=[GET],produces=[application/json]}" onto public java.lang.Object org.springframework.boot.actuate.endpoint.mvc.EndpointMvcAdapter.invoke()
2016-07-01 10:35:01 [org.springframework.web.servlet.handler.AbstractHandlerMethodMapping$MappingRegistry:534] - Mapped "{[/mappings || /mappings.json],methods=[GET],produces=[application/json]}" onto public java.lang.Object org.springframework.boot.actuate.endpoint.mvc.EndpointMvcAdapter.invoke()
2016-07-01 10:35:01 [org.springframework.web.servlet.handler.AbstractHandlerMethodMapping$MappingRegistry:534] - Mapped "{[/autoconfig || /autoconfig.json],methods=[GET],produces=[application/json]}" onto public java.lang.Object org.springframework.boot.actuate.endpoint.mvc.EndpointMvcAdapter.invoke()
2016-07-01 10:35:01 [org.springframework.boot.StartupInfoLogger:57] - Started TCommonMongoDao in 4.825 seconds (JVM running for 5.657)
2016-07-01 10:35:11 [org.springframework.context.support.AbstractApplicationContext:960] - Closing org.springframework.web.context.support.GenericWebApplicationContext@7dcf94f8: startup date [Fri Jul 01 10:34:57 CST 2016]; root of context hierarchy
2016-07-01 10:48:02 [org.springframework.test.context.support.AbstractContextLoader:242] - Could not detect default resource locations for test class [colin.web.monitoring.test.TCommonConfig]: no resource found for suffixes {-context.xml, Context.groovy}.
2016-07-01 10:48:02 [org.springframework.test.context.support.AbstractTestContextBootstrapper:258] - Loaded default TestExecutionListener class names from location [META-INF/spring.factories]: [org.springframework.test.context.web.ServletTestExecutionListener, org.springframework.test.context.support.DirtiesContextBeforeModesTestExecutionListener, org.springframework.test.context.support.DependencyInjectionTestExecutionListener, org.springframework.test.context.support.DirtiesContextTestExecutionListener, org.springframework.test.context.transaction.TransactionalTestExecutionListener, org.springframework.test.context.jdbc.SqlScriptsTestExecutionListener]
2016-07-01 10:48:02 [org.springframework.test.context.support.AbstractTestContextBootstrapper:185] - Using TestExecutionListeners: [org.springframework.test.context.web.ServletTestExecutionListener@60438a68, org.springframework.test.context.support.DirtiesContextBeforeModesTestExecutionListener@140e5a13, org.springframework.test.context.support.DependencyInjectionTestExecutionListener@3439f68d, org.springframework.test.context.support.DirtiesContextTestExecutionListener@dbd940d, org.springframework.test.context.transaction.TransactionalTestExecutionListener@71d15f18, org.springframework.test.context.jdbc.SqlScriptsTestExecutionListener@17695df3]
2016-07-01 10:48:03 [org.springframework.boot.StartupInfoLogger:48] - Starting TCommonMongoDao on PC201604021529 with PID 9084 (D:\workspace\TestPlatform\target\test-classes started by Administrator in D:\workspace\TestPlatform)
2016-07-01 10:48:03 [org.springframework.boot.SpringApplication:666] - No active profile set, falling back to default profiles: default
2016-07-01 10:48:03 [org.springframework.context.support.AbstractApplicationContext:578] - Refreshing org.springframework.web.context.support.GenericWebApplicationContext@7dcf94f8: startup date [Fri Jul 01 10:48:03 CST 2016]; root of context hierarchy
2016-07-01 10:48:03 [org.hibernate.validator.internal.util.Version:30] - HV000001: Hibernate Validator 5.2.4.Final
2016-07-01 10:48:05 [org.mongodb.morphia.logging.jdk.JDKLogger:165] - LoggerImplFactory set to org.mongodb.morphia.logging.jdk.JDKLoggerFactory
2016-07-01 10:48:06 [org.springframework.web.servlet.mvc.method.annotation.RequestMappingHandlerAdapter:539] - Looking for @ControllerAdvice: org.springframework.web.context.support.GenericWebApplicationContext@7dcf94f8: startup date [Fri Jul 01 10:48:03 CST 2016]; root of context hierarchy
2016-07-01 10:48:06 [org.springframework.web.servlet.handler.AbstractHandlerMethodMapping$MappingRegistry:534] - Mapped "{[/dashboard/index],methods=[GET]}" onto public org.springframework.web.servlet.ModelAndView colin.web.monitoring.controller.DashboardController.showDashBoardHtml()
2016-07-01 10:48:06 [org.springframework.web.servlet.handler.AbstractHandlerMethodMapping$MappingRegistry:534] - Mapped "{[/openfire/client/login],methods=[GET]}" onto public java.lang.String colin.web.monitoring.controller.openfire.OpenfireClientLogin.ofUserLogin()
2016-07-01 10:48:06 [org.springframework.web.servlet.handler.AbstractHandlerMethodMapping$MappingRegistry:534] - Mapped "{[/openfire/client/login],methods=[POST]}" onto public java.lang.String colin.web.monitoring.controller.openfire.OpenfireClientLogin.userOpenfireLogin(java.lang.String,java.lang.String)
2016-07-01 10:48:06 [org.springframework.web.servlet.handler.AbstractHandlerMethodMapping$MappingRegistry:534] - Mapped "{[/error]}" onto public org.springframework.http.ResponseEntity<java.util.Map<java.lang.String, java.lang.Object>> org.springframework.boot.autoconfigure.web.BasicErrorController.error(javax.servlet.http.HttpServletRequest)
2016-07-01 10:48:06 [org.springframework.web.servlet.handler.AbstractHandlerMethodMapping$MappingRegistry:534] - Mapped "{[/error],produces=[text/html]}" onto public org.springframework.web.servlet.ModelAndView org.springframework.boot.autoconfigure.web.BasicErrorController.errorHtml(javax.servlet.http.HttpServletRequest,javax.servlet.http.HttpServletResponse)
2016-07-01 10:48:06 [org.springframework.web.servlet.handler.AbstractUrlHandlerMapping:341] - Mapped URL path [/webjars/**] onto handler of type [class org.springframework.web.servlet.resource.ResourceHttpRequestHandler]
2016-07-01 10:48:06 [org.springframework.web.servlet.handler.AbstractUrlHandlerMapping:341] - Mapped URL path [/**] onto handler of type [class org.springframework.web.servlet.resource.ResourceHttpRequestHandler]
2016-07-01 10:48:06 [org.springframework.web.servlet.handler.AbstractUrlHandlerMapping:341] - Mapped URL path [/**/favicon.ico] onto handler of type [class org.springframework.web.servlet.resource.ResourceHttpRequestHandler]
2016-07-01 10:48:06 [org.springframework.web.servlet.handler.AbstractHandlerMethodMapping$MappingRegistry:534] - Mapped "{[/info || /info.json],methods=[GET],produces=[application/json]}" onto public java.lang.Object org.springframework.boot.actuate.endpoint.mvc.EndpointMvcAdapter.invoke()
2016-07-01 10:48:07 [org.springframework.web.servlet.handler.AbstractHandlerMethodMapping$MappingRegistry:534] - Mapped "{[/trace || /trace.json],methods=[GET],produces=[application/json]}" onto public java.lang.Object org.springframework.boot.actuate.endpoint.mvc.EndpointMvcAdapter.invoke()
2016-07-01 10:48:07 [org.springframework.web.servlet.handler.AbstractHandlerMethodMapping$MappingRegistry:534] - Mapped "{[/health || /health.json],produces=[application/json]}" onto public java.lang.Object org.springframework.boot.actuate.endpoint.mvc.HealthMvcEndpoint.invoke(java.security.Principal)
2016-07-01 10:48:07 [org.springframework.web.servlet.handler.AbstractHandlerMethodMapping$MappingRegistry:534] - Mapped "{[/env/{name:.*}],methods=[GET],produces=[application/json]}" onto public java.lang.Object org.springframework.boot.actuate.endpoint.mvc.EnvironmentMvcEndpoint.value(java.lang.String)
2016-07-01 10:48:07 [org.springframework.web.servlet.handler.AbstractHandlerMethodMapping$MappingRegistry:534] - Mapped "{[/env || /env.json],methods=[GET],produces=[application/json]}" onto public java.lang.Object org.springframework.boot.actuate.endpoint.mvc.EndpointMvcAdapter.invoke()
2016-07-01 10:48:07 [org.springframework.web.servlet.handler.AbstractHandlerMethodMapping$MappingRegistry:534] - Mapped "{[/configprops || /configprops.json],methods=[GET],produces=[application/json]}" onto public java.lang.Object org.springframework.boot.actuate.endpoint.mvc.EndpointMvcAdapter.invoke()
2016-07-01 10:48:07 [org.springframework.web.servlet.handler.AbstractHandlerMethodMapping$MappingRegistry:534] - Mapped "{[/dump || /dump.json],methods=[GET],produces=[application/json]}" onto public java.lang.Object org.springframework.boot.actuate.endpoint.mvc.EndpointMvcAdapter.invoke()
2016-07-01 10:48:07 [org.springframework.web.servlet.handler.AbstractHandlerMethodMapping$MappingRegistry:534] - Mapped "{[/metrics/{name:.*}],methods=[GET],produces=[application/json]}" onto public java.lang.Object org.springframework.boot.actuate.endpoint.mvc.MetricsMvcEndpoint.value(java.lang.String)
2016-07-01 10:48:07 [org.springframework.web.servlet.handler.AbstractHandlerMethodMapping$MappingRegistry:534] - Mapped "{[/metrics || /metrics.json],methods=[GET],produces=[application/json]}" onto public java.lang.Object org.springframework.boot.actuate.endpoint.mvc.EndpointMvcAdapter.invoke()
2016-07-01 10:48:07 [org.springframework.web.servlet.handler.AbstractHandlerMethodMapping$MappingRegistry:534] - Mapped "{[/beans || /beans.json],methods=[GET],produces=[application/json]}" onto public java.lang.Object org.springframework.boot.actuate.endpoint.mvc.EndpointMvcAdapter.invoke()
2016-07-01 10:48:07 [org.springframework.web.servlet.handler.AbstractHandlerMethodMapping$MappingRegistry:534] - Mapped "{[/mappings || /mappings.json],methods=[GET],produces=[application/json]}" onto public java.lang.Object org.springframework.boot.actuate.endpoint.mvc.EndpointMvcAdapter.invoke()
2016-07-01 10:48:07 [org.springframework.web.servlet.handler.AbstractHandlerMethodMapping$MappingRegistry:534] - Mapped "{[/autoconfig || /autoconfig.json],methods=[GET],produces=[application/json]}" onto public java.lang.Object org.springframework.boot.actuate.endpoint.mvc.EndpointMvcAdapter.invoke()
2016-07-01 10:48:07 [org.springframework.boot.StartupInfoLogger:57] - Started TCommonMongoDao in 4.375 seconds (JVM running for 5.159)
2016-07-01 10:48:07 [org.springframework.context.support.AbstractApplicationContext:960] - Closing org.springframework.web.context.support.GenericWebApplicationContext@7dcf94f8: startup date [Fri Jul 01 10:48:03 CST 2016]; root of context hierarchy
2016-07-01 10:58:40 [org.springframework.test.context.support.AbstractContextLoader:242] - Could not detect default resource locations for test class [colin.web.monitoring.test.TCommonConfig]: no resource found for suffixes {-context.xml, Context.groovy}.
2016-07-01 10:58:40 [org.springframework.test.context.support.AbstractTestContextBootstrapper:258] - Loaded default TestExecutionListener class names from location [META-INF/spring.factories]: [org.springframework.test.context.web.ServletTestExecutionListener, org.springframework.test.context.support.DirtiesContextBeforeModesTestExecutionListener, org.springframework.test.context.support.DependencyInjectionTestExecutionListener, org.springframework.test.context.support.DirtiesContextTestExecutionListener, org.springframework.test.context.transaction.TransactionalTestExecutionListener, org.springframework.test.context.jdbc.SqlScriptsTestExecutionListener]
2016-07-01 10:58:40 [org.springframework.test.context.support.AbstractTestContextBootstrapper:185] - Using TestExecutionListeners: [org.springframework.test.context.web.ServletTestExecutionListener@60438a68, org.springframework.test.context.support.DirtiesContextBeforeModesTestExecutionListener@140e5a13, org.springframework.test.context.support.DependencyInjectionTestExecutionListener@3439f68d, org.springframework.test.context.support.DirtiesContextTestExecutionListener@dbd940d, org.springframework.test.context.transaction.TransactionalTestExecutionListener@71d15f18, org.springframework.test.context.jdbc.SqlScriptsTestExecutionListener@17695df3]
2016-07-01 10:58:40 [org.springframework.boot.StartupInfoLogger:48] - Starting TCommonMongoDao on PC201604021529 with PID 9052 (D:\workspace\TestPlatform\target\test-classes started by Administrator in D:\workspace\TestPlatform)
2016-07-01 10:58:40 [org.springframework.boot.SpringApplication:666] - No active profile set, falling back to default profiles: default
2016-07-01 10:58:40 [org.springframework.context.support.AbstractApplicationContext:578] - Refreshing org.springframework.web.context.support.GenericWebApplicationContext@7dcf94f8: startup date [Fri Jul 01 10:58:40 CST 2016]; root of context hierarchy
2016-07-01 10:58:40 [org.hibernate.validator.internal.util.Version:30] - HV000001: Hibernate Validator 5.2.4.Final
2016-07-01 10:58:44 [org.springframework.web.servlet.mvc.method.annotation.RequestMappingHandlerAdapter:539] - Looking for @ControllerAdvice: org.springframework.web.context.support.GenericWebApplicationContext@7dcf94f8: startup date [Fri Jul 01 10:58:40 CST 2016]; root of context hierarchy
2016-07-01 10:58:44 [org.springframework.web.servlet.handler.AbstractHandlerMethodMapping$MappingRegistry:534] - Mapped "{[/dashboard/index],methods=[GET]}" onto public org.springframework.web.servlet.ModelAndView colin.web.monitoring.controller.DashboardController.showDashBoardHtml()
2016-07-01 10:58:44 [org.springframework.web.servlet.handler.AbstractHandlerMethodMapping$MappingRegistry:534] - Mapped "{[/openfire/client/login],methods=[POST]}" onto public java.lang.String colin.web.monitoring.controller.openfire.OpenfireClientLogin.userOpenfireLogin(java.lang.String,java.lang.String)
2016-07-01 10:58:44 [org.springframework.web.servlet.handler.AbstractHandlerMethodMapping$MappingRegistry:534] - Mapped "{[/openfire/client/login],methods=[GET]}" onto public java.lang.String colin.web.monitoring.controller.openfire.OpenfireClientLogin.ofUserLogin()
2016-07-01 10:58:44 [org.springframework.web.servlet.handler.AbstractHandlerMethodMapping$MappingRegistry:534] - Mapped "{[/error]}" onto public org.springframework.http.ResponseEntity<java.util.Map<java.lang.String, java.lang.Object>> org.springframework.boot.autoconfigure.web.BasicErrorController.error(javax.servlet.http.HttpServletRequest)
2016-07-01 10:58:44 [org.springframework.web.servlet.handler.AbstractHandlerMethodMapping$MappingRegistry:534] - Mapped "{[/error],produces=[text/html]}" onto public org.springframework.web.servlet.ModelAndView org.springframework.boot.autoconfigure.web.BasicErrorController.errorHtml(javax.servlet.http.HttpServletRequest,javax.servlet.http.HttpServletResponse)
2016-07-01 10:58:44 [org.springframework.web.servlet.handler.AbstractUrlHandlerMapping:341] - Mapped URL path [/webjars/**] onto handler of type [class org.springframework.web.servlet.resource.ResourceHttpRequestHandler]
2016-07-01 10:58:44 [org.springframework.web.servlet.handler.AbstractUrlHandlerMapping:341] - Mapped URL path [/**] onto handler of type [class org.springframework.web.servlet.resource.ResourceHttpRequestHandler]
2016-07-01 10:58:44 [org.springframework.web.servlet.handler.AbstractUrlHandlerMapping:341] - Mapped URL path [/**/favicon.ico] onto handler of type [class org.springframework.web.servlet.resource.ResourceHttpRequestHandler]
2016-07-01 10:58:44 [org.springframework.web.servlet.handler.AbstractHandlerMethodMapping$MappingRegistry:534] - Mapped "{[/env/{name:.*}],methods=[GET],produces=[application/json]}" onto public java.lang.Object org.springframework.boot.actuate.endpoint.mvc.EnvironmentMvcEndpoint.value(java.lang.String)
2016-07-01 10:58:44 [org.springframework.web.servlet.handler.AbstractHandlerMethodMapping$MappingRegistry:534] - Mapped "{[/env || /env.json],methods=[GET],produces=[application/json]}" onto public java.lang.Object org.springframework.boot.actuate.endpoint.mvc.EndpointMvcAdapter.invoke()
2016-07-01 10:58:44 [org.springframework.web.servlet.handler.AbstractHandlerMethodMapping$MappingRegistry:534] - Mapped "{[/mappings || /mappings.json],methods=[GET],produces=[application/json]}" onto public java.lang.Object org.springframework.boot.actuate.endpoint.mvc.EndpointMvcAdapter.invoke()
2016-07-01 10:58:44 [org.springframework.web.servlet.handler.AbstractHandlerMethodMapping$MappingRegistry:534] - Mapped "{[/autoconfig || /autoconfig.json],methods=[GET],produces=[application/json]}" onto public java.lang.Object org.springframework.boot.actuate.endpoint.mvc.EndpointMvcAdapter.invoke()
2016-07-01 10:58:44 [org.springframework.web.servlet.handler.AbstractHandlerMethodMapping$MappingRegistry:534] - Mapped "{[/health || /health.json],produces=[application/json]}" onto public java.lang.Object org.springframework.boot.actuate.endpoint.mvc.HealthMvcEndpoint.invoke(java.security.Principal)
2016-07-01 10:58:44 [org.springframework.web.servlet.handler.AbstractHandlerMethodMapping$MappingRegistry:534] - Mapped "{[/beans || /beans.json],methods=[GET],produces=[application/json]}" onto public java.lang.Object org.springframework.boot.actuate.endpoint.mvc.EndpointMvcAdapter.invoke()
2016-07-01 10:58:44 [org.springframework.web.servlet.handler.AbstractHandlerMethodMapping$MappingRegistry:534] - Mapped "{[/trace || /trace.json],methods=[GET],produces=[application/json]}" onto public java.lang.Object org.springframework.boot.actuate.endpoint.mvc.EndpointMvcAdapter.invoke()
2016-07-01 10:58:44 [org.springframework.web.servlet.handler.AbstractHandlerMethodMapping$MappingRegistry:534] - Mapped "{[/dump || /dump.json],methods=[GET],produces=[application/json]}" onto public java.lang.Object org.springframework.boot.actuate.endpoint.mvc.EndpointMvcAdapter.invoke()
2016-07-01 10:58:44 [org.springframework.web.servlet.handler.AbstractHandlerMethodMapping$MappingRegistry:534] - Mapped "{[/metrics/{name:.*}],methods=[GET],produces=[application/json]}" onto public java.lang.Object org.springframework.boot.actuate.endpoint.mvc.MetricsMvcEndpoint.value(java.lang.String)
2016-07-01 10:58:44 [org.springframework.web.servlet.handler.AbstractHandlerMethodMapping$MappingRegistry:534] - Mapped "{[/metrics || /metrics.json],methods=[GET],produces=[application/json]}" onto public java.lang.Object org.springframework.boot.actuate.endpoint.mvc.EndpointMvcAdapter.invoke()
2016-07-01 10:58:44 [org.springframework.web.servlet.handler.AbstractHandlerMethodMapping$MappingRegistry:534] - Mapped "{[/info || /info.json],methods=[GET],produces=[application/json]}" onto public java.lang.Object org.springframework.boot.actuate.endpoint.mvc.EndpointMvcAdapter.invoke()
2016-07-01 10:58:44 [org.springframework.web.servlet.handler.AbstractHandlerMethodMapping$MappingRegistry:534] - Mapped "{[/configprops || /configprops.json],methods=[GET],produces=[application/json]}" onto public java.lang.Object org.springframework.boot.actuate.endpoint.mvc.EndpointMvcAdapter.invoke()
2016-07-01 10:58:45 [org.springframework.boot.StartupInfoLogger:57] - Started TCommonMongoDao in 4.71 seconds (JVM running for 5.528)
2016-07-01 10:58:45 [org.springframework.context.support.AbstractApplicationContext:960] - Closing org.springframework.web.context.support.GenericWebApplicationContext@7dcf94f8: startup date [Fri Jul 01 10:58:40 CST 2016]; root of context hierarchy
